<?xml version="1.0" encoding="UTF-8"?>
<testsuite xmlns:xsi="http://www.w3.org/2001/XMLSchema-instance" xsi:noNamespaceSchemaLocation="https://maven.apache.org/surefire/maven-surefire-plugin/xsd/surefire-test-report-3.0.xsd" version="3.0" name="org.spiros.CouchbaseTransactionsTest" time="72.082" tests="1" errors="0" skipped="0" failures="0">
  <properties>
[...]
</properties>
  <testcase name="couchbaseTransactionsTest_demonstrateTheThreeProblems" classname="org.spiros.CouchbaseTransactionsTest" time="72.069">
    <system-out><![CDATA[Cas value: 1662710436517314560
]]></system-out>
    <system-err><![CDATA[[main] INFO org.testcontainers.utility.ImageNameSubstitutor - Image name substitution will be performed by: DefaultImageNameSubstitutor (composite of 'ConfigurationFileImageNameSubstitutor' and 'PrefixingImageNameSubstitutor')
[main] INFO org.testcontainers.dockerclient.DockerClientProviderStrategy - Loaded org.testcontainers.dockerclient.NpipeSocketClientProviderStrategy from ~/.testcontainers.properties, will try it first
[main] INFO org.testcontainers.dockerclient.DockerClientProviderStrategy - Found Docker environment with local Npipe socket (npipe:////./pipe/docker_engine)
[main] INFO org.testcontainers.DockerClientFactory - Docker host IP address is localhost
[main] INFO org.testcontainers.DockerClientFactory - Connected to docker: 
  Server Version: 20.10.17
  API Version: 1.41
  Operating System: Docker Desktop
  Total Memory: 7817 MB
[main] INFO docker[testcontainers/ryuk:0.3.3] - Creating container for image: testcontainers/ryuk:0.3.3
[main] INFO org.testcontainers.utility.RegistryAuthLocator - Credential helper/store (docker-credential-desktop) does not have credentials for https://index.docker.io/v1/
[main] INFO docker[testcontainers/ryuk:0.3.3] - Container testcontainers/ryuk:0.3.3 is starting: 6daf14865e200d6258a7884809649fe64cb66fbca1caeea327ef5529b7e39fda
[main] INFO docker[testcontainers/ryuk:0.3.3] - Container testcontainers/ryuk:0.3.3 started in PT2.9614072S
[main] INFO org.testcontainers.utility.RyukResourceReaper - Ryuk started - will monitor and terminate Testcontainers containers on JVM exit
[main] INFO org.testcontainers.DockerClientFactory - Checking the system...
[main] INFO org.testcontainers.DockerClientFactory - ✔︎ Docker server version should be at least 1.6.0
[main] INFO docker[couchbase/server:7.1.1] - Creating container for image: couchbase/server:7.1.1
[main] INFO docker[couchbase/server:7.1.1] - Container couchbase/server:7.1.1 is starting: d957581cc79b274df1067877243fc58559ea9c0c99b8f7ff147f7ef7d4a2af8e
[main] INFO org.testcontainers.containers.wait.strategy.HttpWaitStrategy - /fervent_carson: Waiting for 60 seconds for URL: http://localhost:57222/pools (where port 57222 maps to container port 8091)
[ducttape-0] INFO org.testcontainers.containers.wait.strategy.HttpWaitStrategy - /fervent_carson: Waiting for 30 seconds for URL: http://localhost:57222/pools/default (where port 57222 maps to container port 8091)
[ducttape-0] INFO org.testcontainers.containers.wait.strategy.HttpWaitStrategy - /fervent_carson: Waiting for 30 seconds for URL: http://localhost:57214/admin/ping (where port 57214 maps to container port 8093)
[main] INFO docker[couchbase/server:7.1.1] - Container couchbase/server:7.1.1 started in PT7.6454627S
[main] INFO docker[couchbase/server:7.1.1] - Couchbase container is ready! UI available at http://localhost:57222
[cb-events] INFO com.couchbase.core - [com.couchbase.core][CoreCreatedEvent] {"clientVersion":"3.3.3","clientGitHash":"${buildNumber}","coreVersion":"2.3.3","coreGitHash":"${buildNumber}","userAgent":"couchbase-java/3.3.3 (Windows 10 10.0 amd64; OpenJDK 64-Bit Server VM 17+35-2724)","maxNumRequestsInRetry":32768,"ioEnvironment":{"nativeIoEnabled":true,"eventLoopThreadCount":8,"eventLoopGroups":["NioEventLoopGroup"]},"ioConfig":{"captureTraffic":[],"mutationTokensEnabled":true,"networkResolution":"auto","dnsSrvEnabled":true,"tcpKeepAlivesEnabled":true,"tcpKeepAliveTimeMs":60000,"configPollIntervalMs":2500,"kvCircuitBreakerConfig":"disabled","queryCircuitBreakerConfig":"disabled","viewCircuitBreakerConfig":"disabled","searchCircuitBreakerConfig":"disabled","analyticsCircuitBreakerConfig":"disabled","managerCircuitBreakerConfig":"disabled","eventingCircuitBreakerConfig":"disabled","backupCircuitBreakerConfig":"disabled","numKvConnections":1,"maxHttpConnections":12,"idleHttpConnectionTimeoutMs":4500,"configIdleRedialTimeoutMs":300000,"memcachedHashingStrategy":"StandardMemcachedHashingStrategy"},"compressionConfig":{"enabled":true,"minRatio":0.83,"minSize":32},"securityConfig":{"tlsEnabled":false,"nativeTlsEnabled":true,"hostnameVerificationEnabled":true,"trustCertificates":null,"trustManagerFactory":null,"ciphers":[]},"timeoutConfig":{"kvMs":2500,"kvDurableMs":10000,"managementMs":75000,"queryMs":75000,"viewMs":75000,"searchMs":75000,"analyticsMs":75000,"connectMs":10000,"disconnectMs":10000,"eventingMs":75000,"backupMs":75000},"loggerConfig":{"customLogger":null,"fallbackToConsole":false,"consoleLogLevel":{"name":"INFO","resourceBundleName":"sun.util.logging.resources.logging","localizedName":"INFO"},"consoleLoggerFormatter":"DefaultLoggerFormatter","disableSlf4j":false,"loggerName":"CouchbaseLogger","diagnosticContextEnabled":false},"orphanReporterConfig":{"emitIntervalMs":10000,"sampleSize":10,"queueLength":1024,"enabled":true},"thresholdLoggingTracerConfig":{"enabled":true,"emitIntervalMs":10000,"sampleSize":10,"queueLength":1024,"kvThresholdMs":500,"queryThresholdMs":1000,"searchThresholdMs":1000,"analyticsThresholdMs":1000,"viewThresholdMs":1000},"loggingMeterConfig":{"enabled":true,"emitIntervalMs":600000},"retryStrategy":"BestEffortRetryStrategy","requestTracer":"ThresholdLoggingTracer","meter":"LoggingMeter","numRequestCallbacks":0,"scheduler":"ParallelScheduler","schedulerThreadCount":16,"transactionsConfig":{"durabilityLevel":"MAJORITY","timeoutMs":15000,"cleanupConfig":{"runLostAttemptsCleanupThread":true,"runRegularAttemptsCleanupThread":true,"cleanupWindowMs":60000,"cleanupSet":""},"numAtrs":1024,"metadataCollection":"none","scanConsistency":"none"}} {"coreId":"0x6246855f00000001","seedNodes":[{"address":"localhost","kvPort":57216}]}
[cb-events] INFO com.couchbase.transactions - [com.couchbase.transactions][TransactionsStartedEvent] Transactions successfully initialised, regular cleanup enabled=true, lost cleanup enabled=true
[cb-events] INFO com.couchbase.node - [com.couchbase.node][NodeConnectedEvent] Node connected {"coreId":"0x6246855f00000001","managerPort":"8091","remote":"localhost"}
[cb-events] WARN com.couchbase.endpoint - [com.couchbase.endpoint][EndpointConnectionFailedEvent][13ms] Connect attempt 1 failed because of : Connection refused: no further information: localhost/127.0.0.1:8091 - Check server ports and cluster encryption setting. {"circuitBreaker":"DISABLED","coreId":"0x6246855f00000001","remote":"localhost:8091","type":"MANAGER"}
com.couchbase.client.core.endpoint.BaseEndpoint$2: Connection refused: no further information: localhost/127.0.0.1:8091 - Check server ports and cluster encryption setting.
[cb-events] WARN com.couchbase.endpoint - [com.couchbase.endpoint][EndpointConnectionFailedEvent][808us] Connect attempt 1 failed because of : Connection refused: no further information: localhost/127.0.0.1:8091 - Check server ports and cluster encryption setting. {"circuitBreaker":"DISABLED","coreId":"0x6246855f00000001","remote":"localhost:8091","type":"MANAGER"}
com.couchbase.client.core.endpoint.BaseEndpoint$2: Connection refused: no further information: localhost/127.0.0.1:8091 - Check server ports and cluster encryption setting.
[cb-events] WARN com.couchbase.endpoint - [com.couchbase.endpoint][EndpointConnectionFailedEvent][658us] Connect attempt 1 failed because of : Connection refused: no further information: localhost/127.0.0.1:8091 - Check server ports and cluster encryption setting. {"circuitBreaker":"DISABLED","coreId":"0x6246855f00000001","remote":"localhost:8091","type":"MANAGER"}
com.couchbase.client.core.endpoint.BaseEndpoint$2: Connection refused: no further information: localhost/127.0.0.1:8091 - Check server ports and cluster encryption setting.
[cb-events] WARN com.couchbase.endpoint - [com.couchbase.endpoint][EndpointConnectionFailedEvent][769us] Connect attempt 1 failed because of : Connection refused: no further information: localhost/127.0.0.1:8091 - Check server ports and cluster encryption setting. {"circuitBreaker":"DISABLED","coreId":"0x6246855f00000001","remote":"localhost:8091","type":"MANAGER"}
com.couchbase.client.core.endpoint.BaseEndpoint$2: Connection refused: no further information: localhost/127.0.0.1:8091 - Check server ports and cluster encryption setting.
[cb-events] INFO com.couchbase.node - [com.couchbase.node][NodeConnectedEvent] Node connected {"alternateRemote":"localhost","coreId":"0x6246855f00000001","managerPort":"8091","remote":"172.17.0.3"}
[cb-events] WARN com.couchbase.endpoint - [com.couchbase.endpoint][EndpointConnectionFailedEvent][931us] Connect attempt 2 failed because of : Connection refused: no further information: localhost/127.0.0.1:8091 - Check server ports and cluster encryption setting. {"circuitBreaker":"DISABLED","coreId":"0x6246855f00000001","remote":"localhost:8091","type":"MANAGER"}
com.couchbase.client.core.endpoint.BaseEndpoint$2: Connection refused: no further information: localhost/127.0.0.1:8091 - Check server ports and cluster encryption setting.
[cb-events] INFO com.couchbase.node - [com.couchbase.node][NodeDisconnectedEvent][489us] Node disconnected {"coreId":"0x6246855f00000001","managerPort":"8091","remote":"localhost"}
[cb-events] INFO com.couchbase.node - [com.couchbase.node][NodeConnectedEvent] Node connected {"coreId":"0x6246855f00000001","managerPort":"8091","remote":"localhost"}
[cb-events] WARN com.couchbase.endpoint - [com.couchbase.endpoint][EndpointConnectionFailedEvent][868us] Connect attempt 1 failed because of : Connection refused: no further information: localhost/127.0.0.1:8091 - Check server ports and cluster encryption setting. {"circuitBreaker":"DISABLED","coreId":"0x6246855f00000001","remote":"localhost:8091","type":"MANAGER"}
com.couchbase.client.core.endpoint.BaseEndpoint$2: Connection refused: no further information: localhost/127.0.0.1:8091 - Check server ports and cluster encryption setting.
[cb-events] WARN com.couchbase.endpoint - [com.couchbase.endpoint][EndpointConnectionFailedEvent][8586us] Connect attempt 1 failed because of : Connection refused: no further information: localhost/127.0.0.1:8091 - Check server ports and cluster encryption setting. {"circuitBreaker":"DISABLED","coreId":"0x6246855f00000001","remote":"localhost:8091","type":"MANAGER"}
com.couchbase.client.core.endpoint.BaseEndpoint$2: Connection refused: no further information: localhost/127.0.0.1:8091 - Check server ports and cluster encryption setting.
[cb-events] WARN com.couchbase.endpoint - [com.couchbase.endpoint][EndpointConnectionFailedEvent][1002us] Connect attempt 1 failed because of : Connection refused: no further information: localhost/127.0.0.1:8091 - Check server ports and cluster encryption setting. {"circuitBreaker":"DISABLED","coreId":"0x6246855f00000001","remote":"localhost:8091","type":"MANAGER"}
com.couchbase.client.core.endpoint.BaseEndpoint$2: Connection refused: no further information: localhost/127.0.0.1:8091 - Check server ports and cluster encryption setting.
[cb-events] WARN com.couchbase.endpoint - [com.couchbase.endpoint][EndpointConnectionFailedEvent][745us] Connect attempt 2 failed because of : Connection refused: no further information: localhost/127.0.0.1:8091 - Check server ports and cluster encryption setting. {"circuitBreaker":"DISABLED","coreId":"0x6246855f00000001","remote":"localhost:8091","type":"MANAGER"}
com.couchbase.client.core.endpoint.BaseEndpoint$2: Connection refused: no further information: localhost/127.0.0.1:8091 - Check server ports and cluster encryption setting.
[cb-events] WARN com.couchbase.endpoint - [com.couchbase.endpoint][EndpointConnectionFailedEvent][628us] Connect attempt 1 failed because of : Connection refused: no further information: localhost/127.0.0.1:8091 - Check server ports and cluster encryption setting. {"circuitBreaker":"DISABLED","coreId":"0x6246855f00000001","remote":"localhost:8091","type":"MANAGER"}
com.couchbase.client.core.endpoint.BaseEndpoint$2: Connection refused: no further information: localhost/127.0.0.1:8091 - Check server ports and cluster encryption setting.
[cb-events] WARN com.couchbase.endpoint - [com.couchbase.endpoint][EndpointConnectionFailedEvent][1014us] Connect attempt 2 failed because of : Connection refused: no further information: localhost/127.0.0.1:8091 - Check server ports and cluster encryption setting. {"circuitBreaker":"DISABLED","coreId":"0x6246855f00000001","remote":"localhost:8091","type":"MANAGER"}
com.couchbase.client.core.endpoint.BaseEndpoint$2: Connection refused: no further information: localhost/127.0.0.1:8091 - Check server ports and cluster encryption setting.
[cb-events] WARN com.couchbase.endpoint - [com.couchbase.endpoint][EndpointConnectionFailedEvent][929us] Connect attempt 1 failed because of : Connection refused: no further information: localhost/127.0.0.1:8091 - Check server ports and cluster encryption setting. {"circuitBreaker":"DISABLED","coreId":"0x6246855f00000001","remote":"localhost:8091","type":"MANAGER"}
com.couchbase.client.core.endpoint.BaseEndpoint$2: Connection refused: no further information: localhost/127.0.0.1:8091 - Check server ports and cluster encryption setting.
[cb-events] WARN com.couchbase.endpoint - [com.couchbase.endpoint][EndpointConnectionFailedEvent][14ms] Connect attempt 2 failed because of : Connection refused: no further information: localhost/127.0.0.1:8091 - Check server ports and cluster encryption setting. {"circuitBreaker":"DISABLED","coreId":"0x6246855f00000001","remote":"localhost:8091","type":"MANAGER"}
com.couchbase.client.core.endpoint.BaseEndpoint$2: Connection refused: no further information: localhost/127.0.0.1:8091 - Check server ports and cluster encryption setting.
[cb-events] WARN com.couchbase.endpoint - [com.couchbase.endpoint][EndpointConnectionFailedEvent][1314us] Connect attempt 2 failed because of : Connection refused: no further information: localhost/127.0.0.1:8091 - Check server ports and cluster encryption setting. {"circuitBreaker":"DISABLED","coreId":"0x6246855f00000001","remote":"localhost:8091","type":"MANAGER"}
com.couchbase.client.core.endpoint.BaseEndpoint$2: Connection refused: no further information: localhost/127.0.0.1:8091 - Check server ports and cluster encryption setting.
[cb-events] WARN com.couchbase.endpoint - [com.couchbase.endpoint][EndpointConnectionFailedEvent][1296us] Connect attempt 1 failed because of : Connection refused: no further information: localhost/127.0.0.1:8091 - Check server ports and cluster encryption setting. {"circuitBreaker":"DISABLED","coreId":"0x6246855f00000001","remote":"localhost:8091","type":"MANAGER"}
com.couchbase.client.core.endpoint.BaseEndpoint$2: Connection refused: no further information: localhost/127.0.0.1:8091 - Check server ports and cluster encryption setting.
[cb-events] WARN com.couchbase.endpoint - [com.couchbase.endpoint][EndpointConnectionFailedEvent][692us] Connect attempt 2 failed because of : Connection refused: no further information: localhost/127.0.0.1:8091 - Check server ports and cluster encryption setting. {"circuitBreaker":"DISABLED","coreId":"0x6246855f00000001","remote":"localhost:8091","type":"MANAGER"}
com.couchbase.client.core.endpoint.BaseEndpoint$2: Connection refused: no further information: localhost/127.0.0.1:8091 - Check server ports and cluster encryption setting.
[cb-events] WARN com.couchbase.endpoint - [com.couchbase.endpoint][EndpointConnectionFailedEvent][787us] Connect attempt 3 failed because of : Connection refused: no further information: localhost/127.0.0.1:8091 - Check server ports and cluster encryption setting. {"circuitBreaker":"DISABLED","coreId":"0x6246855f00000001","remote":"localhost:8091","type":"MANAGER"}
com.couchbase.client.core.endpoint.BaseEndpoint$2: Connection refused: no further information: localhost/127.0.0.1:8091 - Check server ports and cluster encryption setting.
[cb-events] WARN com.couchbase.endpoint - [com.couchbase.endpoint][EndpointConnectionFailedEvent][880us] Connect attempt 1 failed because of : Connection refused: no further information: localhost/127.0.0.1:8091 - Check server ports and cluster encryption setting. {"circuitBreaker":"DISABLED","coreId":"0x6246855f00000001","remote":"localhost:8091","type":"MANAGER"}
com.couchbase.client.core.endpoint.BaseEndpoint$2: Connection refused: no further information: localhost/127.0.0.1:8091 - Check server ports and cluster encryption setting.
[cb-events] WARN com.couchbase.endpoint - [com.couchbase.endpoint][EndpointConnectionFailedEvent][730us] Connect attempt 2 failed because of : Connection refused: no further information: localhost/127.0.0.1:8091 - Check server ports and cluster encryption setting. {"circuitBreaker":"DISABLED","coreId":"0x6246855f00000001","remote":"localhost:8091","type":"MANAGER"}
com.couchbase.client.core.endpoint.BaseEndpoint$2: Connection refused: no further information: localhost/127.0.0.1:8091 - Check server ports and cluster encryption setting.
[cb-events] WARN com.couchbase.endpoint - [com.couchbase.endpoint][EndpointConnectionFailedEvent][767us] Connect attempt 3 failed because of : Connection refused: no further information: localhost/127.0.0.1:8091 - Check server ports and cluster encryption setting. {"circuitBreaker":"DISABLED","coreId":"0x6246855f00000001","remote":"localhost:8091","type":"MANAGER"}
com.couchbase.client.core.endpoint.BaseEndpoint$2: Connection refused: no further information: localhost/127.0.0.1:8091 - Check server ports and cluster encryption setting.
[cb-events] WARN com.couchbase.endpoint - [com.couchbase.endpoint][EndpointConnectionFailedEvent][1077us] Connect attempt 3 failed because of : Connection refused: no further information: localhost/127.0.0.1:8091 - Check server ports and cluster encryption setting. {"circuitBreaker":"DISABLED","coreId":"0x6246855f00000001","remote":"localhost:8091","type":"MANAGER"}
com.couchbase.client.core.endpoint.BaseEndpoint$2: Connection refused: no further information: localhost/127.0.0.1:8091 - Check server ports and cluster encryption setting.
[cb-events] WARN com.couchbase.endpoint - [com.couchbase.endpoint][EndpointConnectionFailedEvent][1276us] Connect attempt 2 failed because of : Connection refused: no further information: localhost/127.0.0.1:8091 - Check server ports and cluster encryption setting. {"circuitBreaker":"DISABLED","coreId":"0x6246855f00000001","remote":"localhost:8091","type":"MANAGER"}
com.couchbase.client.core.endpoint.BaseEndpoint$2: Connection refused: no further information: localhost/127.0.0.1:8091 - Check server ports and cluster encryption setting.
[cb-events] WARN com.couchbase.endpoint - [com.couchbase.endpoint][EndpointConnectionFailedEvent][626us] Connect attempt 3 failed because of : Connection refused: no further information: localhost/127.0.0.1:8091 - Check server ports and cluster encryption setting. {"circuitBreaker":"DISABLED","coreId":"0x6246855f00000001","remote":"localhost:8091","type":"MANAGER"}
com.couchbase.client.core.endpoint.BaseEndpoint$2: Connection refused: no further information: localhost/127.0.0.1:8091 - Check server ports and cluster encryption setting.
[cb-events] WARN com.couchbase.endpoint - [com.couchbase.endpoint][EndpointConnectionFailedEvent][568us] Connect attempt 1 failed because of : Connection refused: no further information: localhost/127.0.0.1:8091 - Check server ports and cluster encryption setting. {"circuitBreaker":"DISABLED","coreId":"0x6246855f00000001","remote":"localhost:8091","type":"MANAGER"}
com.couchbase.client.core.endpoint.BaseEndpoint$2: Connection refused: no further information: localhost/127.0.0.1:8091 - Check server ports and cluster encryption setting.
[cb-events] WARN com.couchbase.endpoint - [com.couchbase.endpoint][EndpointConnectionFailedEvent][855us] Connect attempt 3 failed because of : Connection refused: no further information: localhost/127.0.0.1:8091 - Check server ports and cluster encryption setting. {"circuitBreaker":"DISABLED","coreId":"0x6246855f00000001","remote":"localhost:8091","type":"MANAGER"}
com.couchbase.client.core.endpoint.BaseEndpoint$2: Connection refused: no further information: localhost/127.0.0.1:8091 - Check server ports and cluster encryption setting.
[cb-events] WARN com.couchbase.endpoint - [com.couchbase.endpoint][EndpointConnectionFailedEvent][1206us] Connect attempt 3 failed because of : Connection refused: no further information: localhost/127.0.0.1:8091 - Check server ports and cluster encryption setting. {"circuitBreaker":"DISABLED","coreId":"0x6246855f00000001","remote":"localhost:8091","type":"MANAGER"}
com.couchbase.client.core.endpoint.BaseEndpoint$2: Connection refused: no further information: localhost/127.0.0.1:8091 - Check server ports and cluster encryption setting.
[cb-events] WARN com.couchbase.endpoint - [com.couchbase.endpoint][EndpointConnectionFailedEvent][1444us] Connect attempt 2 failed because of : Connection refused: no further information: localhost/127.0.0.1:8091 - Check server ports and cluster encryption setting. {"circuitBreaker":"DISABLED","coreId":"0x6246855f00000001","remote":"localhost:8091","type":"MANAGER"}
com.couchbase.client.core.endpoint.BaseEndpoint$2: Connection refused: no further information: localhost/127.0.0.1:8091 - Check server ports and cluster encryption setting.
[cb-events] WARN com.couchbase.endpoint - [com.couchbase.endpoint][EndpointConnectionFailedEvent][1054us] Connect attempt 3 failed because of : Connection refused: no further information: localhost/127.0.0.1:8091 - Check server ports and cluster encryption setting. {"circuitBreaker":"DISABLED","coreId":"0x6246855f00000001","remote":"localhost:8091","type":"MANAGER"}
com.couchbase.client.core.endpoint.BaseEndpoint$2: Connection refused: no further information: localhost/127.0.0.1:8091 - Check server ports and cluster encryption setting.
[cb-events] WARN com.couchbase.endpoint - [com.couchbase.endpoint][EndpointConnectionFailedEvent][843us] Connect attempt 1 failed because of : Connection refused: no further information: localhost/127.0.0.1:8091 - Check server ports and cluster encryption setting. {"circuitBreaker":"DISABLED","coreId":"0x6246855f00000001","remote":"localhost:8091","type":"MANAGER"}
com.couchbase.client.core.endpoint.BaseEndpoint$2: Connection refused: no further information: localhost/127.0.0.1:8091 - Check server ports and cluster encryption setting.
[cb-events] WARN com.couchbase.endpoint - [com.couchbase.endpoint][EndpointConnectionFailedEvent][600us] Connect attempt 4 failed because of : Connection refused: no further information: localhost/127.0.0.1:8091 - Check server ports and cluster encryption setting. {"circuitBreaker":"DISABLED","coreId":"0x6246855f00000001","remote":"localhost:8091","type":"MANAGER"}
com.couchbase.client.core.endpoint.BaseEndpoint$2: Connection refused: no further information: localhost/127.0.0.1:8091 - Check server ports and cluster encryption setting.
[cb-events] WARN com.couchbase.endpoint - [com.couchbase.endpoint][EndpointConnectionFailedEvent][783us] Connect attempt 4 failed because of : Connection refused: no further information: localhost/127.0.0.1:8091 - Check server ports and cluster encryption setting. {"circuitBreaker":"DISABLED","coreId":"0x6246855f00000001","remote":"localhost:8091","type":"MANAGER"}
com.couchbase.client.core.endpoint.BaseEndpoint$2: Connection refused: no further information: localhost/127.0.0.1:8091 - Check server ports and cluster encryption setting.
[cb-events] WARN com.couchbase.endpoint - [com.couchbase.endpoint][EndpointConnectionFailedEvent][862us] Connect attempt 3 failed because of : Connection refused: no further information: localhost/127.0.0.1:8091 - Check server ports and cluster encryption setting. {"circuitBreaker":"DISABLED","coreId":"0x6246855f00000001","remote":"localhost:8091","type":"MANAGER"}
com.couchbase.client.core.endpoint.BaseEndpoint$2: Connection refused: no further information: localhost/127.0.0.1:8091 - Check server ports and cluster encryption setting.
[cb-events] WARN com.couchbase.endpoint - [com.couchbase.endpoint][EndpointConnectionFailedEvent][564us] Connect attempt 2 failed because of : Connection refused: no further information: localhost/127.0.0.1:8091 - Check server ports and cluster encryption setting. {"circuitBreaker":"DISABLED","coreId":"0x6246855f00000001","remote":"localhost:8091","type":"MANAGER"}
com.couchbase.client.core.endpoint.BaseEndpoint$2: Connection refused: no further information: localhost/127.0.0.1:8091 - Check server ports and cluster encryption setting.
[cb-events] WARN com.couchbase.endpoint - [com.couchbase.endpoint][EndpointConnectionFailedEvent][869us] Connect attempt 4 failed because of : Connection refused: no further information: localhost/127.0.0.1:8091 - Check server ports and cluster encryption setting. {"circuitBreaker":"DISABLED","coreId":"0x6246855f00000001","remote":"localhost:8091","type":"MANAGER"}
com.couchbase.client.core.endpoint.BaseEndpoint$2: Connection refused: no further information: localhost/127.0.0.1:8091 - Check server ports and cluster encryption setting.
[cb-events] WARN com.couchbase.endpoint - [com.couchbase.endpoint][EndpointConnectionFailedEvent][577us] Connect attempt 4 failed because of : Connection refused: no further information: localhost/127.0.0.1:8091 - Check server ports and cluster encryption setting. {"circuitBreaker":"DISABLED","coreId":"0x6246855f00000001","remote":"localhost:8091","type":"MANAGER"}
com.couchbase.client.core.endpoint.BaseEndpoint$2: Connection refused: no further information: localhost/127.0.0.1:8091 - Check server ports and cluster encryption setting.
[cb-events] WARN com.couchbase.endpoint - [com.couchbase.endpoint][EndpointConnectionFailedEvent][659us] Connect attempt 4 failed because of : Connection refused: no further information: localhost/127.0.0.1:8091 - Check server ports and cluster encryption setting. {"circuitBreaker":"DISABLED","coreId":"0x6246855f00000001","remote":"localhost:8091","type":"MANAGER"}
com.couchbase.client.core.endpoint.BaseEndpoint$2: Connection refused: no further information: localhost/127.0.0.1:8091 - Check server ports and cluster encryption setting.
[cb-events] WARN com.couchbase.endpoint - [com.couchbase.endpoint][EndpointConnectionFailedEvent][1129us] Connect attempt 4 failed because of : Connection refused: no further information: localhost/127.0.0.1:8091 - Check server ports and cluster encryption setting. {"circuitBreaker":"DISABLED","coreId":"0x6246855f00000001","remote":"localhost:8091","type":"MANAGER"}
com.couchbase.client.core.endpoint.BaseEndpoint$2: Connection refused: no further information: localhost/127.0.0.1:8091 - Check server ports and cluster encryption setting.
[cb-events] WARN com.couchbase.endpoint - [com.couchbase.endpoint][EndpointConnectionFailedEvent][753us] Connect attempt 3 failed because of : Connection refused: no further information: localhost/127.0.0.1:8091 - Check server ports and cluster encryption setting. {"circuitBreaker":"DISABLED","coreId":"0x6246855f00000001","remote":"localhost:8091","type":"MANAGER"}
com.couchbase.client.core.endpoint.BaseEndpoint$2: Connection refused: no further information: localhost/127.0.0.1:8091 - Check server ports and cluster encryption setting.
[cb-events] WARN com.couchbase.endpoint - [com.couchbase.endpoint][EndpointConnectionFailedEvent][791us] Connect attempt 4 failed because of : Connection refused: no further information: localhost/127.0.0.1:8091 - Check server ports and cluster encryption setting. {"circuitBreaker":"DISABLED","coreId":"0x6246855f00000001","remote":"localhost:8091","type":"MANAGER"}
com.couchbase.client.core.endpoint.BaseEndpoint$2: Connection refused: no further information: localhost/127.0.0.1:8091 - Check server ports and cluster encryption setting.
[cb-events] WARN com.couchbase.endpoint - [com.couchbase.endpoint][EndpointConnectionFailedEvent][688us] Connect attempt 1 failed because of : Connection refused: no further information: localhost/127.0.0.1:8091 - Check server ports and cluster encryption setting. {"circuitBreaker":"DISABLED","coreId":"0x6246855f00000001","remote":"localhost:8091","type":"MANAGER"}
com.couchbase.client.core.endpoint.BaseEndpoint$2: Connection refused: no further information: localhost/127.0.0.1:8091 - Check server ports and cluster encryption setting.
[cb-events] WARN com.couchbase.endpoint - [com.couchbase.endpoint][EndpointConnectionFailedEvent][970us] Connect attempt 4 failed because of : Connection refused: no further information: localhost/127.0.0.1:8091 - Check server ports and cluster encryption setting. {"circuitBreaker":"DISABLED","coreId":"0x6246855f00000001","remote":"localhost:8091","type":"MANAGER"}
com.couchbase.client.core.endpoint.BaseEndpoint$2: Connection refused: no further information: localhost/127.0.0.1:8091 - Check server ports and cluster encryption setting.
[cb-events] WARN com.couchbase.endpoint - [com.couchbase.endpoint][EndpointConnectionFailedEvent][612us] Connect attempt 2 failed because of : Connection refused: no further information: localhost/127.0.0.1:8091 - Check server ports and cluster encryption setting. {"circuitBreaker":"DISABLED","coreId":"0x6246855f00000001","remote":"localhost:8091","type":"MANAGER"}
com.couchbase.client.core.endpoint.BaseEndpoint$2: Connection refused: no further information: localhost/127.0.0.1:8091 - Check server ports and cluster encryption setting.
[cb-events] WARN com.couchbase.endpoint - [com.couchbase.endpoint][EndpointConnectionFailedEvent][867us] Connect attempt 3 failed because of : Connection refused: no further information: localhost/127.0.0.1:8091 - Check server ports and cluster encryption setting. {"circuitBreaker":"DISABLED","coreId":"0x6246855f00000001","remote":"localhost:8091","type":"MANAGER"}
com.couchbase.client.core.endpoint.BaseEndpoint$2: Connection refused: no further information: localhost/127.0.0.1:8091 - Check server ports and cluster encryption setting.
[cb-events] WARN com.couchbase.endpoint - [com.couchbase.endpoint][EndpointConnectionFailedEvent][10ms] Connect attempt 4 failed because of : Connection refused: no further information: localhost/127.0.0.1:8091 - Check server ports and cluster encryption setting. {"circuitBreaker":"DISABLED","coreId":"0x6246855f00000001","remote":"localhost:8091","type":"MANAGER"}
com.couchbase.client.core.endpoint.BaseEndpoint$2: Connection refused: no further information: localhost/127.0.0.1:8091 - Check server ports and cluster encryption setting.
[cb-events] WARN com.couchbase.endpoint - [com.couchbase.endpoint][EndpointConnectionFailedEvent][797us] Connect attempt 5 failed because of : Connection refused: no further information: localhost/127.0.0.1:8091 - Check server ports and cluster encryption setting. {"circuitBreaker":"DISABLED","coreId":"0x6246855f00000001","remote":"localhost:8091","type":"MANAGER"}
com.couchbase.client.core.endpoint.BaseEndpoint$2: Connection refused: no further information: localhost/127.0.0.1:8091 - Check server ports and cluster encryption setting.
[cb-events] WARN com.couchbase.endpoint - [com.couchbase.endpoint][EndpointConnectionFailedEvent][1025us] Connect attempt 5 failed because of : Connection refused: no further information: localhost/127.0.0.1:8091 - Check server ports and cluster encryption setting. {"circuitBreaker":"DISABLED","coreId":"0x6246855f00000001","remote":"localhost:8091","type":"MANAGER"}
com.couchbase.client.core.endpoint.BaseEndpoint$2: Connection refused: no further information: localhost/127.0.0.1:8091 - Check server ports and cluster encryption setting.
[cb-events] WARN com.couchbase.endpoint - [com.couchbase.endpoint][EndpointConnectionFailedEvent][861us] Connect attempt 5 failed because of : Connection refused: no further information: localhost/127.0.0.1:8091 - Check server ports and cluster encryption setting. {"circuitBreaker":"DISABLED","coreId":"0x6246855f00000001","remote":"localhost:8091","type":"MANAGER"}
com.couchbase.client.core.endpoint.BaseEndpoint$2: Connection refused: no further information: localhost/127.0.0.1:8091 - Check server ports and cluster encryption setting.
[cb-events] WARN com.couchbase.endpoint - [com.couchbase.endpoint][EndpointConnectionFailedEvent][820us] Connect attempt 5 failed because of : Connection refused: no further information: localhost/127.0.0.1:8091 - Check server ports and cluster encryption setting. {"circuitBreaker":"DISABLED","coreId":"0x6246855f00000001","remote":"localhost:8091","type":"MANAGER"}
com.couchbase.client.core.endpoint.BaseEndpoint$2: Connection refused: no further information: localhost/127.0.0.1:8091 - Check server ports and cluster encryption setting.
[cb-events] WARN com.couchbase.endpoint - [com.couchbase.endpoint][EndpointConnectionFailedEvent][948us] Connect attempt 5 failed because of : Connection refused: no further information: localhost/127.0.0.1:8091 - Check server ports and cluster encryption setting. {"circuitBreaker":"DISABLED","coreId":"0x6246855f00000001","remote":"localhost:8091","type":"MANAGER"}
com.couchbase.client.core.endpoint.BaseEndpoint$2: Connection refused: no further information: localhost/127.0.0.1:8091 - Check server ports and cluster encryption setting.
[cb-events] WARN com.couchbase.endpoint - [com.couchbase.endpoint][EndpointConnectionFailedEvent][939us] Connect attempt 5 failed because of : Connection refused: no further information: localhost/127.0.0.1:8091 - Check server ports and cluster encryption setting. {"circuitBreaker":"DISABLED","coreId":"0x6246855f00000001","remote":"localhost:8091","type":"MANAGER"}
com.couchbase.client.core.endpoint.BaseEndpoint$2: Connection refused: no further information: localhost/127.0.0.1:8091 - Check server ports and cluster encryption setting.
[cb-events] WARN com.couchbase.endpoint - [com.couchbase.endpoint][EndpointConnectionFailedEvent][952us] Connect attempt 4 failed because of : Connection refused: no further information: localhost/127.0.0.1:8091 - Check server ports and cluster encryption setting. {"circuitBreaker":"DISABLED","coreId":"0x6246855f00000001","remote":"localhost:8091","type":"MANAGER"}
com.couchbase.client.core.endpoint.BaseEndpoint$2: Connection refused: no further information: localhost/127.0.0.1:8091 - Check server ports and cluster encryption setting.
[cb-events] WARN com.couchbase.endpoint - [com.couchbase.endpoint][EndpointConnectionFailedEvent][938us] Connect attempt 5 failed because of : Connection refused: no further information: localhost/127.0.0.1:8091 - Check server ports and cluster encryption setting. {"circuitBreaker":"DISABLED","coreId":"0x6246855f00000001","remote":"localhost:8091","type":"MANAGER"}
com.couchbase.client.core.endpoint.BaseEndpoint$2: Connection refused: no further information: localhost/127.0.0.1:8091 - Check server ports and cluster encryption setting.
[cb-events] WARN com.couchbase.endpoint - [com.couchbase.endpoint][EndpointConnectionFailedEvent][885us] Connect attempt 1 failed because of : Connection refused: no further information: localhost/127.0.0.1:8091 - Check server ports and cluster encryption setting. {"circuitBreaker":"DISABLED","coreId":"0x6246855f00000001","remote":"localhost:8091","type":"MANAGER"}
com.couchbase.client.core.endpoint.BaseEndpoint$2: Connection refused: no further information: localhost/127.0.0.1:8091 - Check server ports and cluster encryption setting.
[cb-events] WARN com.couchbase.endpoint - [com.couchbase.endpoint][EndpointConnectionFailedEvent][919us] Connect attempt 5 failed because of : Connection refused: no further information: localhost/127.0.0.1:8091 - Check server ports and cluster encryption setting. {"circuitBreaker":"DISABLED","coreId":"0x6246855f00000001","remote":"localhost:8091","type":"MANAGER"}
com.couchbase.client.core.endpoint.BaseEndpoint$2: Connection refused: no further information: localhost/127.0.0.1:8091 - Check server ports and cluster encryption setting.
[cb-events] WARN com.couchbase.endpoint - [com.couchbase.endpoint][EndpointConnectionFailedEvent][602us] Connect attempt 2 failed because of : Connection refused: no further information: localhost/127.0.0.1:8091 - Check server ports and cluster encryption setting. {"circuitBreaker":"DISABLED","coreId":"0x6246855f00000001","remote":"localhost:8091","type":"MANAGER"}
com.couchbase.client.core.endpoint.BaseEndpoint$2: Connection refused: no further information: localhost/127.0.0.1:8091 - Check server ports and cluster encryption setting.
[cb-events] WARN com.couchbase.endpoint - [com.couchbase.endpoint][EndpointConnectionFailedEvent][904us] Connect attempt 3 failed because of : Connection refused: no further information: localhost/127.0.0.1:8091 - Check server ports and cluster encryption setting. {"circuitBreaker":"DISABLED","coreId":"0x6246855f00000001","remote":"localhost:8091","type":"MANAGER"}
com.couchbase.client.core.endpoint.BaseEndpoint$2: Connection refused: no further information: localhost/127.0.0.1:8091 - Check server ports and cluster encryption setting.
[cb-events] WARN com.couchbase.endpoint - [com.couchbase.endpoint][EndpointConnectionFailedEvent][555us] Connect attempt 5 failed because of : Connection refused: no further information: localhost/127.0.0.1:8091 - Check server ports and cluster encryption setting. {"circuitBreaker":"DISABLED","coreId":"0x6246855f00000001","remote":"localhost:8091","type":"MANAGER"}
com.couchbase.client.core.endpoint.BaseEndpoint$2: Connection refused: no further information: localhost/127.0.0.1:8091 - Check server ports and cluster encryption setting.
[cb-events] WARN com.couchbase.endpoint - [com.couchbase.endpoint][EndpointConnectionFailedEvent][1023us] Connect attempt 5 failed because of : Connection refused: no further information: localhost/127.0.0.1:8091 - Check server ports and cluster encryption setting. {"circuitBreaker":"DISABLED","coreId":"0x6246855f00000001","remote":"localhost:8091","type":"MANAGER"}
com.couchbase.client.core.endpoint.BaseEndpoint$2: Connection refused: no further information: localhost/127.0.0.1:8091 - Check server ports and cluster encryption setting.
[cb-events] WARN com.couchbase.endpoint - [com.couchbase.endpoint][EndpointConnectionFailedEvent][10ms] Connect attempt 4 failed because of : Connection refused: no further information: localhost/127.0.0.1:8091 - Check server ports and cluster encryption setting. {"circuitBreaker":"DISABLED","coreId":"0x6246855f00000001","remote":"localhost:8091","type":"MANAGER"}
com.couchbase.client.core.endpoint.BaseEndpoint$2: Connection refused: no further information: localhost/127.0.0.1:8091 - Check server ports and cluster encryption setting.
[cb-events] WARN com.couchbase.endpoint - [com.couchbase.endpoint][EndpointConnectionFailedEvent][11ms] Connect attempt 6 failed because of : Connection refused: no further information: localhost/127.0.0.1:8091 - Check server ports and cluster encryption setting. {"circuitBreaker":"DISABLED","coreId":"0x6246855f00000001","remote":"localhost:8091","type":"MANAGER"}
com.couchbase.client.core.endpoint.BaseEndpoint$2: Connection refused: no further information: localhost/127.0.0.1:8091 - Check server ports and cluster encryption setting.
[cb-events] WARN com.couchbase.endpoint - [com.couchbase.endpoint][EndpointConnectionFailedEvent][578us] Connect attempt 6 failed because of : Connection refused: no further information: localhost/127.0.0.1:8091 - Check server ports and cluster encryption setting. {"circuitBreaker":"DISABLED","coreId":"0x6246855f00000001","remote":"localhost:8091","type":"MANAGER"}
com.couchbase.client.core.endpoint.BaseEndpoint$2: Connection refused: no further information: localhost/127.0.0.1:8091 - Check server ports and cluster encryption setting.
[cb-events] WARN com.couchbase.endpoint - [com.couchbase.endpoint][EndpointConnectionFailedEvent][10ms] Connect attempt 6 failed because of : Connection refused: no further information: localhost/127.0.0.1:8091 - Check server ports and cluster encryption setting. {"circuitBreaker":"DISABLED","coreId":"0x6246855f00000001","remote":"localhost:8091","type":"MANAGER"}
com.couchbase.client.core.endpoint.BaseEndpoint$2: Connection refused: no further information: localhost/127.0.0.1:8091 - Check server ports and cluster encryption setting.
[cb-events] WARN com.couchbase.endpoint - [com.couchbase.endpoint][EndpointConnectionFailedEvent][7008us] Connect attempt 6 failed because of : Connection refused: no further information: localhost/127.0.0.1:8091 - Check server ports and cluster encryption setting. {"circuitBreaker":"DISABLED","coreId":"0x6246855f00000001","remote":"localhost:8091","type":"MANAGER"}
com.couchbase.client.core.endpoint.BaseEndpoint$2: Connection refused: no further information: localhost/127.0.0.1:8091 - Check server ports and cluster encryption setting.
[cb-events] WARN com.couchbase.endpoint - [com.couchbase.endpoint][EndpointConnectionFailedEvent][503us] Connect attempt 6 failed because of : Connection refused: no further information: localhost/127.0.0.1:8091 - Check server ports and cluster encryption setting. {"circuitBreaker":"DISABLED","coreId":"0x6246855f00000001","remote":"localhost:8091","type":"MANAGER"}
com.couchbase.client.core.endpoint.BaseEndpoint$2: Connection refused: no further information: localhost/127.0.0.1:8091 - Check server ports and cluster encryption setting.
[cb-events] WARN com.couchbase.endpoint - [com.couchbase.endpoint][EndpointConnectionFailedEvent][843us] Connect attempt 6 failed because of : Connection refused: no further information: localhost/127.0.0.1:8091 - Check server ports and cluster encryption setting. {"circuitBreaker":"DISABLED","coreId":"0x6246855f00000001","remote":"localhost:8091","type":"MANAGER"}
com.couchbase.client.core.endpoint.BaseEndpoint$2: Connection refused: no further information: localhost/127.0.0.1:8091 - Check server ports and cluster encryption setting.
[cb-events] WARN com.couchbase.endpoint - [com.couchbase.endpoint][EndpointConnectionFailedEvent][725us] Connect attempt 5 failed because of : Connection refused: no further information: localhost/127.0.0.1:8091 - Check server ports and cluster encryption setting. {"circuitBreaker":"DISABLED","coreId":"0x6246855f00000001","remote":"localhost:8091","type":"MANAGER"}
com.couchbase.client.core.endpoint.BaseEndpoint$2: Connection refused: no further information: localhost/127.0.0.1:8091 - Check server ports and cluster encryption setting.
[cb-events] WARN com.couchbase.endpoint - [com.couchbase.endpoint][EndpointConnectionFailedEvent][1028us] Connect attempt 6 failed because of : Connection refused: no further information: localhost/127.0.0.1:8091 - Check server ports and cluster encryption setting. {"circuitBreaker":"DISABLED","coreId":"0x6246855f00000001","remote":"localhost:8091","type":"MANAGER"}
com.couchbase.client.core.endpoint.BaseEndpoint$2: Connection refused: no further information: localhost/127.0.0.1:8091 - Check server ports and cluster encryption setting.
[cb-events] WARN com.couchbase.endpoint - [com.couchbase.endpoint][EndpointConnectionFailedEvent][746us] Connect attempt 1 failed because of : Connection refused: no further information: localhost/127.0.0.1:8091 - Check server ports and cluster encryption setting. {"circuitBreaker":"DISABLED","coreId":"0x6246855f00000001","remote":"localhost:8091","type":"MANAGER"}
com.couchbase.client.core.endpoint.BaseEndpoint$2: Connection refused: no further information: localhost/127.0.0.1:8091 - Check server ports and cluster encryption setting.
[cb-events] WARN com.couchbase.endpoint - [com.couchbase.endpoint][EndpointConnectionFailedEvent][735us] Connect attempt 6 failed because of : Connection refused: no further information: localhost/127.0.0.1:8091 - Check server ports and cluster encryption setting. {"circuitBreaker":"DISABLED","coreId":"0x6246855f00000001","remote":"localhost:8091","type":"MANAGER"}
com.couchbase.client.core.endpoint.BaseEndpoint$2: Connection refused: no further information: localhost/127.0.0.1:8091 - Check server ports and cluster encryption setting.
[cb-events] WARN com.couchbase.endpoint - [com.couchbase.endpoint][EndpointConnectionFailedEvent][593us] Connect attempt 2 failed because of : Connection refused: no further information: localhost/127.0.0.1:8091 - Check server ports and cluster encryption setting. {"circuitBreaker":"DISABLED","coreId":"0x6246855f00000001","remote":"localhost:8091","type":"MANAGER"}
com.couchbase.client.core.endpoint.BaseEndpoint$2: Connection refused: no further information: localhost/127.0.0.1:8091 - Check server ports and cluster encryption setting.
[cb-events] WARN com.couchbase.endpoint - [com.couchbase.endpoint][EndpointConnectionFailedEvent][948us] Connect attempt 6 failed because of : Connection refused: no further information: localhost/127.0.0.1:8091 - Check server ports and cluster encryption setting. {"circuitBreaker":"DISABLED","coreId":"0x6246855f00000001","remote":"localhost:8091","type":"MANAGER"}
com.couchbase.client.core.endpoint.BaseEndpoint$2: Connection refused: no further information: localhost/127.0.0.1:8091 - Check server ports and cluster encryption setting.
[cb-events] WARN com.couchbase.endpoint - [com.couchbase.endpoint][EndpointConnectionFailedEvent][11ms] Connect attempt 3 failed because of : Connection refused: no further information: localhost/127.0.0.1:8091 - Check server ports and cluster encryption setting. {"circuitBreaker":"DISABLED","coreId":"0x6246855f00000001","remote":"localhost:8091","type":"MANAGER"}
com.couchbase.client.core.endpoint.BaseEndpoint$2: Connection refused: no further information: localhost/127.0.0.1:8091 - Check server ports and cluster encryption setting.
[cb-events] WARN com.couchbase.endpoint - [com.couchbase.endpoint][EndpointConnectionFailedEvent][10ms] Connect attempt 6 failed because of : Connection refused: no further information: localhost/127.0.0.1:8091 - Check server ports and cluster encryption setting. {"circuitBreaker":"DISABLED","coreId":"0x6246855f00000001","remote":"localhost:8091","type":"MANAGER"}
com.couchbase.client.core.endpoint.BaseEndpoint$2: Connection refused: no further information: localhost/127.0.0.1:8091 - Check server ports and cluster encryption setting.
[cb-events] WARN com.couchbase.endpoint - [com.couchbase.endpoint][EndpointConnectionFailedEvent][11ms] Connect attempt 4 failed because of : Connection refused: no further information: localhost/127.0.0.1:8091 - Check server ports and cluster encryption setting. {"circuitBreaker":"DISABLED","coreId":"0x6246855f00000001","remote":"localhost:8091","type":"MANAGER"}
com.couchbase.client.core.endpoint.BaseEndpoint$2: Connection refused: no further information: localhost/127.0.0.1:8091 - Check server ports and cluster encryption setting.
[cb-events] WARN com.couchbase.endpoint - [com.couchbase.endpoint][EndpointConnectionFailedEvent][991us] Connect attempt 6 failed because of : Connection refused: no further information: localhost/127.0.0.1:8091 - Check server ports and cluster encryption setting. {"circuitBreaker":"DISABLED","coreId":"0x6246855f00000001","remote":"localhost:8091","type":"MANAGER"}
com.couchbase.client.core.endpoint.BaseEndpoint$2: Connection refused: no further information: localhost/127.0.0.1:8091 - Check server ports and cluster encryption setting.
[cb-events] WARN com.couchbase.endpoint - [com.couchbase.endpoint][EndpointConnectionFailedEvent][10ms] Connect attempt 1 failed because of : Connection refused: no further information: localhost/127.0.0.1:8091 - Check server ports and cluster encryption setting. {"circuitBreaker":"DISABLED","coreId":"0x6246855f00000001","remote":"localhost:8091","type":"MANAGER"}
com.couchbase.client.core.endpoint.BaseEndpoint$2: Connection refused: no further information: localhost/127.0.0.1:8091 - Check server ports and cluster encryption setting.
[cb-events] WARN com.couchbase.endpoint - [com.couchbase.endpoint][EndpointConnectionFailedEvent][9925us] Connect attempt 5 failed because of : Connection refused: no further information: localhost/127.0.0.1:8091 - Check server ports and cluster encryption setting. {"circuitBreaker":"DISABLED","coreId":"0x6246855f00000001","remote":"localhost:8091","type":"MANAGER"}
com.couchbase.client.core.endpoint.BaseEndpoint$2: Connection refused: no further information: localhost/127.0.0.1:8091 - Check server ports and cluster encryption setting.
[cb-events] WARN com.couchbase.endpoint - [com.couchbase.endpoint][EndpointConnectionFailedEvent][886us] Connect attempt 2 failed because of : Connection refused: no further information: localhost/127.0.0.1:8091 - Check server ports and cluster encryption setting. {"circuitBreaker":"DISABLED","coreId":"0x6246855f00000001","remote":"localhost:8091","type":"MANAGER"}
com.couchbase.client.core.endpoint.BaseEndpoint$2: Connection refused: no further information: localhost/127.0.0.1:8091 - Check server ports and cluster encryption setting.
[cb-events] WARN com.couchbase.endpoint - [com.couchbase.endpoint][EndpointConnectionFailedEvent][993us] Connect attempt 3 failed because of : Connection refused: no further information: localhost/127.0.0.1:8091 - Check server ports and cluster encryption setting. {"circuitBreaker":"DISABLED","coreId":"0x6246855f00000001","remote":"localhost:8091","type":"MANAGER"}
com.couchbase.client.core.endpoint.BaseEndpoint$2: Connection refused: no further information: localhost/127.0.0.1:8091 - Check server ports and cluster encryption setting.
[cb-events] WARN com.couchbase.endpoint - [com.couchbase.endpoint][EndpointConnectionFailedEvent][11ms] Connect attempt 4 failed because of : Connection refused: no further information: localhost/127.0.0.1:8091 - Check server ports and cluster encryption setting. {"circuitBreaker":"DISABLED","coreId":"0x6246855f00000001","remote":"localhost:8091","type":"MANAGER"}
com.couchbase.client.core.endpoint.BaseEndpoint$2: Connection refused: no further information: localhost/127.0.0.1:8091 - Check server ports and cluster encryption setting.
[cb-events] WARN com.couchbase.endpoint - [com.couchbase.endpoint][EndpointConnectionFailedEvent][946us] Connect attempt 7 failed because of : Connection refused: no further information: localhost/127.0.0.1:8091 - Check server ports and cluster encryption setting. {"circuitBreaker":"DISABLED","coreId":"0x6246855f00000001","remote":"localhost:8091","type":"MANAGER"}
com.couchbase.client.core.endpoint.BaseEndpoint$2: Connection refused: no further information: localhost/127.0.0.1:8091 - Check server ports and cluster encryption setting.
[cb-events] WARN com.couchbase.endpoint - [com.couchbase.endpoint][EndpointConnectionFailedEvent][888us] Connect attempt 7 failed because of : Connection refused: no further information: localhost/127.0.0.1:8091 - Check server ports and cluster encryption setting. {"circuitBreaker":"DISABLED","coreId":"0x6246855f00000001","remote":"localhost:8091","type":"MANAGER"}
com.couchbase.client.core.endpoint.BaseEndpoint$2: Connection refused: no further information: localhost/127.0.0.1:8091 - Check server ports and cluster encryption setting.
[cb-events] WARN com.couchbase.endpoint - [com.couchbase.endpoint][EndpointConnectionFailedEvent][790us] Connect attempt 7 failed because of : Connection refused: no further information: localhost/127.0.0.1:8091 - Check server ports and cluster encryption setting. {"circuitBreaker":"DISABLED","coreId":"0x6246855f00000001","remote":"localhost:8091","type":"MANAGER"}
com.couchbase.client.core.endpoint.BaseEndpoint$2: Connection refused: no further information: localhost/127.0.0.1:8091 - Check server ports and cluster encryption setting.
[cb-events] WARN com.couchbase.endpoint - [com.couchbase.endpoint][EndpointConnectionFailedEvent][968us] Connect attempt 7 failed because of : Connection refused: no further information: localhost/127.0.0.1:8091 - Check server ports and cluster encryption setting. {"circuitBreaker":"DISABLED","coreId":"0x6246855f00000001","remote":"localhost:8091","type":"MANAGER"}
com.couchbase.client.core.endpoint.BaseEndpoint$2: Connection refused: no further information: localhost/127.0.0.1:8091 - Check server ports and cluster encryption setting.
[cb-events] WARN com.couchbase.endpoint - [com.couchbase.endpoint][EndpointConnectionFailedEvent][476us] Connect attempt 7 failed because of : Connection refused: no further information: localhost/127.0.0.1:8091 - Check server ports and cluster encryption setting. {"circuitBreaker":"DISABLED","coreId":"0x6246855f00000001","remote":"localhost:8091","type":"MANAGER"}
com.couchbase.client.core.endpoint.BaseEndpoint$2: Connection refused: no further information: localhost/127.0.0.1:8091 - Check server ports and cluster encryption setting.
[cb-events] WARN com.couchbase.endpoint - [com.couchbase.endpoint][EndpointConnectionFailedEvent][660us] Connect attempt 7 failed because of : Connection refused: no further information: localhost/127.0.0.1:8091 - Check server ports and cluster encryption setting. {"circuitBreaker":"DISABLED","coreId":"0x6246855f00000001","remote":"localhost:8091","type":"MANAGER"}
com.couchbase.client.core.endpoint.BaseEndpoint$2: Connection refused: no further information: localhost/127.0.0.1:8091 - Check server ports and cluster encryption setting.
[cb-events] WARN com.couchbase.endpoint - [com.couchbase.endpoint][EndpointConnectionFailedEvent][602us] Connect attempt 7 failed because of : Connection refused: no further information: localhost/127.0.0.1:8091 - Check server ports and cluster encryption setting. {"circuitBreaker":"DISABLED","coreId":"0x6246855f00000001","remote":"localhost:8091","type":"MANAGER"}
com.couchbase.client.core.endpoint.BaseEndpoint$2: Connection refused: no further information: localhost/127.0.0.1:8091 - Check server ports and cluster encryption setting.
[cb-events] WARN com.couchbase.endpoint - [com.couchbase.endpoint][EndpointConnectionFailedEvent][456us] Connect attempt 5 failed because of : Connection refused: no further information: localhost/127.0.0.1:8091 - Check server ports and cluster encryption setting. {"circuitBreaker":"DISABLED","coreId":"0x6246855f00000001","remote":"localhost:8091","type":"MANAGER"}
com.couchbase.client.core.endpoint.BaseEndpoint$2: Connection refused: no further information: localhost/127.0.0.1:8091 - Check server ports and cluster encryption setting.
[cb-events] WARN com.couchbase.endpoint - [com.couchbase.endpoint][EndpointConnectionFailedEvent][9981us] Connect attempt 1 failed because of : Connection refused: no further information: localhost/127.0.0.1:8091 - Check server ports and cluster encryption setting. {"circuitBreaker":"DISABLED","coreId":"0x6246855f00000001","remote":"localhost:8091","type":"MANAGER"}
com.couchbase.client.core.endpoint.BaseEndpoint$2: Connection refused: no further information: localhost/127.0.0.1:8091 - Check server ports and cluster encryption setting.
[cb-events] WARN com.couchbase.endpoint - [com.couchbase.endpoint][EndpointConnectionFailedEvent][6580us] Connect attempt 6 failed because of : Connection refused: no further information: localhost/127.0.0.1:8091 - Check server ports and cluster encryption setting. {"circuitBreaker":"DISABLED","coreId":"0x6246855f00000001","remote":"localhost:8091","type":"MANAGER"}
com.couchbase.client.core.endpoint.BaseEndpoint$2: Connection refused: no further information: localhost/127.0.0.1:8091 - Check server ports and cluster encryption setting.
[cb-events] WARN com.couchbase.endpoint - [com.couchbase.endpoint][EndpointConnectionFailedEvent][9948us] Connect attempt 7 failed because of : Connection refused: no further information: localhost/127.0.0.1:8091 - Check server ports and cluster encryption setting. {"circuitBreaker":"DISABLED","coreId":"0x6246855f00000001","remote":"localhost:8091","type":"MANAGER"}
com.couchbase.client.core.endpoint.BaseEndpoint$2: Connection refused: no further information: localhost/127.0.0.1:8091 - Check server ports and cluster encryption setting.
[cb-events] WARN com.couchbase.endpoint - [com.couchbase.endpoint][EndpointConnectionFailedEvent][951us] Connect attempt 2 failed because of : Connection refused: no further information: localhost/127.0.0.1:8091 - Check server ports and cluster encryption setting. {"circuitBreaker":"DISABLED","coreId":"0x6246855f00000001","remote":"localhost:8091","type":"MANAGER"}
com.couchbase.client.core.endpoint.BaseEndpoint$2: Connection refused: no further information: localhost/127.0.0.1:8091 - Check server ports and cluster encryption setting.
[cb-events] WARN com.couchbase.endpoint - [com.couchbase.endpoint][EndpointConnectionFailedEvent][931us] Connect attempt 7 failed because of : Connection refused: no further information: localhost/127.0.0.1:8091 - Check server ports and cluster encryption setting. {"circuitBreaker":"DISABLED","coreId":"0x6246855f00000001","remote":"localhost:8091","type":"MANAGER"}
com.couchbase.client.core.endpoint.BaseEndpoint$2: Connection refused: no further information: localhost/127.0.0.1:8091 - Check server ports and cluster encryption setting.
[cb-events] WARN com.couchbase.endpoint - [com.couchbase.endpoint][EndpointConnectionFailedEvent][683us] Connect attempt 3 failed because of : Connection refused: no further information: localhost/127.0.0.1:8091 - Check server ports and cluster encryption setting. {"circuitBreaker":"DISABLED","coreId":"0x6246855f00000001","remote":"localhost:8091","type":"MANAGER"}
com.couchbase.client.core.endpoint.BaseEndpoint$2: Connection refused: no further information: localhost/127.0.0.1:8091 - Check server ports and cluster encryption setting.
[cb-events] WARN com.couchbase.endpoint - [com.couchbase.endpoint][EndpointConnectionFailedEvent][842us] Connect attempt 7 failed because of : Connection refused: no further information: localhost/127.0.0.1:8091 - Check server ports and cluster encryption setting. {"circuitBreaker":"DISABLED","coreId":"0x6246855f00000001","remote":"localhost:8091","type":"MANAGER"}
com.couchbase.client.core.endpoint.BaseEndpoint$2: Connection refused: no further information: localhost/127.0.0.1:8091 - Check server ports and cluster encryption setting.
[cb-events] WARN com.couchbase.endpoint - [com.couchbase.endpoint][EndpointConnectionFailedEvent][10ms] Connect attempt 4 failed because of : Connection refused: no further information: localhost/127.0.0.1:8091 - Check server ports and cluster encryption setting. {"circuitBreaker":"DISABLED","coreId":"0x6246855f00000001","remote":"localhost:8091","type":"MANAGER"}
com.couchbase.client.core.endpoint.BaseEndpoint$2: Connection refused: no further information: localhost/127.0.0.1:8091 - Check server ports and cluster encryption setting.
[cb-events] WARN com.couchbase.endpoint - [com.couchbase.endpoint][EndpointConnectionFailedEvent][892us] Connect attempt 7 failed because of : Connection refused: no further information: localhost/127.0.0.1:8091 - Check server ports and cluster encryption setting. {"circuitBreaker":"DISABLED","coreId":"0x6246855f00000001","remote":"localhost:8091","type":"MANAGER"}
com.couchbase.client.core.endpoint.BaseEndpoint$2: Connection refused: no further information: localhost/127.0.0.1:8091 - Check server ports and cluster encryption setting.
[cb-events] WARN com.couchbase.endpoint - [com.couchbase.endpoint][EndpointConnectionFailedEvent][11ms] Connect attempt 6 failed because of : Connection refused: no further information: localhost/127.0.0.1:8091 - Check server ports and cluster encryption setting. {"circuitBreaker":"DISABLED","coreId":"0x6246855f00000001","remote":"localhost:8091","type":"MANAGER"}
com.couchbase.client.core.endpoint.BaseEndpoint$2: Connection refused: no further information: localhost/127.0.0.1:8091 - Check server ports and cluster encryption setting.
[cb-events] WARN com.couchbase.endpoint - [com.couchbase.endpoint][EndpointConnectionFailedEvent][8479us] Connect attempt 5 failed because of : Connection refused: no further information: localhost/127.0.0.1:8091 - Check server ports and cluster encryption setting. {"circuitBreaker":"DISABLED","coreId":"0x6246855f00000001","remote":"localhost:8091","type":"MANAGER"}
com.couchbase.client.core.endpoint.BaseEndpoint$2: Connection refused: no further information: localhost/127.0.0.1:8091 - Check server ports and cluster encryption setting.
[cb-events] WARN com.couchbase.endpoint - [com.couchbase.endpoint][EndpointConnectionFailedEvent][10ms] Connect attempt 1 failed because of : Connection refused: no further information: localhost/127.0.0.1:8091 - Check server ports and cluster encryption setting. {"circuitBreaker":"DISABLED","coreId":"0x6246855f00000001","remote":"localhost:8091","type":"MANAGER"}
com.couchbase.client.core.endpoint.BaseEndpoint$2: Connection refused: no further information: localhost/127.0.0.1:8091 - Check server ports and cluster encryption setting.
[cb-events] WARN com.couchbase.endpoint - [com.couchbase.endpoint][EndpointConnectionFailedEvent][756us] Connect attempt 2 failed because of : Connection refused: no further information: localhost/127.0.0.1:8091 - Check server ports and cluster encryption setting. {"circuitBreaker":"DISABLED","coreId":"0x6246855f00000001","remote":"localhost:8091","type":"MANAGER"}
com.couchbase.client.core.endpoint.BaseEndpoint$2: Connection refused: no further information: localhost/127.0.0.1:8091 - Check server ports and cluster encryption setting.
[cb-events] WARN com.couchbase.endpoint - [com.couchbase.endpoint][EndpointConnectionFailedEvent][904us] Connect attempt 3 failed because of : Connection refused: no further information: localhost/127.0.0.1:8091 - Check server ports and cluster encryption setting. {"circuitBreaker":"DISABLED","coreId":"0x6246855f00000001","remote":"localhost:8091","type":"MANAGER"}
com.couchbase.client.core.endpoint.BaseEndpoint$2: Connection refused: no further information: localhost/127.0.0.1:8091 - Check server ports and cluster encryption setting.
[cb-events] WARN com.couchbase.endpoint - [com.couchbase.endpoint][EndpointConnectionFailedEvent][1060us] Connect attempt 4 failed because of : Connection refused: no further information: localhost/127.0.0.1:8091 - Check server ports and cluster encryption setting. {"circuitBreaker":"DISABLED","coreId":"0x6246855f00000001","remote":"localhost:8091","type":"MANAGER"}
com.couchbase.client.core.endpoint.BaseEndpoint$2: Connection refused: no further information: localhost/127.0.0.1:8091 - Check server ports and cluster encryption setting.
[cb-events] WARN com.couchbase.endpoint - [com.couchbase.endpoint][EndpointConnectionFailedEvent][965us] Connect attempt 5 failed because of : Connection refused: no further information: localhost/127.0.0.1:8091 - Check server ports and cluster encryption setting. {"circuitBreaker":"DISABLED","coreId":"0x6246855f00000001","remote":"localhost:8091","type":"MANAGER"}
com.couchbase.client.core.endpoint.BaseEndpoint$2: Connection refused: no further information: localhost/127.0.0.1:8091 - Check server ports and cluster encryption setting.
[cb-events] WARN com.couchbase.endpoint - [com.couchbase.endpoint][EndpointConnectionFailedEvent][1179us] Connect attempt 7 failed because of : Connection refused: no further information: localhost/127.0.0.1:8091 - Check server ports and cluster encryption setting. {"circuitBreaker":"DISABLED","coreId":"0x6246855f00000001","remote":"localhost:8091","type":"MANAGER"}
com.couchbase.client.core.endpoint.BaseEndpoint$2: Connection refused: no further information: localhost/127.0.0.1:8091 - Check server ports and cluster encryption setting.
[cb-events] WARN com.couchbase.endpoint - [com.couchbase.endpoint][EndpointConnectionFailedEvent][1386us] Connect attempt 6 failed because of : Connection refused: no further information: localhost/127.0.0.1:8091 - Check server ports and cluster encryption setting. {"circuitBreaker":"DISABLED","coreId":"0x6246855f00000001","remote":"localhost:8091","type":"MANAGER"}
com.couchbase.client.core.endpoint.BaseEndpoint$2: Connection refused: no further information: localhost/127.0.0.1:8091 - Check server ports and cluster encryption setting.
[cb-events] WARN com.couchbase.endpoint - [com.couchbase.endpoint][EndpointConnectionFailedEvent][835us] Connect attempt 1 failed because of : Connection refused: no further information: localhost/127.0.0.1:8091 - Check server ports and cluster encryption setting. {"circuitBreaker":"DISABLED","coreId":"0x6246855f00000001","remote":"localhost:8091","type":"MANAGER"}
com.couchbase.client.core.endpoint.BaseEndpoint$2: Connection refused: no further information: localhost/127.0.0.1:8091 - Check server ports and cluster encryption setting.
[cb-events] WARN com.couchbase.endpoint - [com.couchbase.endpoint][EndpointConnectionFailedEvent][1011us] Connect attempt 2 failed because of : Connection refused: no further information: localhost/127.0.0.1:8091 - Check server ports and cluster encryption setting. {"circuitBreaker":"DISABLED","coreId":"0x6246855f00000001","remote":"localhost:8091","type":"MANAGER"}
com.couchbase.client.core.endpoint.BaseEndpoint$2: Connection refused: no further information: localhost/127.0.0.1:8091 - Check server ports and cluster encryption setting.
[cb-events] WARN com.couchbase.endpoint - [com.couchbase.endpoint][EndpointConnectionFailedEvent][982us] Connect attempt 3 failed because of : Connection refused: no further information: localhost/127.0.0.1:8091 - Check server ports and cluster encryption setting. {"circuitBreaker":"DISABLED","coreId":"0x6246855f00000001","remote":"localhost:8091","type":"MANAGER"}
com.couchbase.client.core.endpoint.BaseEndpoint$2: Connection refused: no further information: localhost/127.0.0.1:8091 - Check server ports and cluster encryption setting.
[cb-events] WARN com.couchbase.endpoint - [com.couchbase.endpoint][EndpointConnectionFailedEvent][882us] Connect attempt 4 failed because of : Connection refused: no further information: localhost/127.0.0.1:8091 - Check server ports and cluster encryption setting. {"circuitBreaker":"DISABLED","coreId":"0x6246855f00000001","remote":"localhost:8091","type":"MANAGER"}
com.couchbase.client.core.endpoint.BaseEndpoint$2: Connection refused: no further information: localhost/127.0.0.1:8091 - Check server ports and cluster encryption setting.
[cb-events] WARN com.couchbase.endpoint - [com.couchbase.endpoint][EndpointConnectionFailedEvent][809us] Connect attempt 5 failed because of : Connection refused: no further information: localhost/127.0.0.1:8091 - Check server ports and cluster encryption setting. {"circuitBreaker":"DISABLED","coreId":"0x6246855f00000001","remote":"localhost:8091","type":"MANAGER"}
com.couchbase.client.core.endpoint.BaseEndpoint$2: Connection refused: no further information: localhost/127.0.0.1:8091 - Check server ports and cluster encryption setting.
[cb-events] WARN com.couchbase.endpoint - [com.couchbase.endpoint][EndpointConnectionFailedEvent][699us] Connect attempt 6 failed because of : Connection refused: no further information: localhost/127.0.0.1:8091 - Check server ports and cluster encryption setting. {"circuitBreaker":"DISABLED","coreId":"0x6246855f00000001","remote":"localhost:8091","type":"MANAGER"}
com.couchbase.client.core.endpoint.BaseEndpoint$2: Connection refused: no further information: localhost/127.0.0.1:8091 - Check server ports and cluster encryption setting.
[cb-events] WARN com.couchbase.endpoint - [com.couchbase.endpoint][EndpointConnectionFailedEvent][545us] Connect attempt 7 failed because of : Connection refused: no further information: localhost/127.0.0.1:8091 - Check server ports and cluster encryption setting. {"circuitBreaker":"DISABLED","coreId":"0x6246855f00000001","remote":"localhost:8091","type":"MANAGER"}
com.couchbase.client.core.endpoint.BaseEndpoint$2: Connection refused: no further information: localhost/127.0.0.1:8091 - Check server ports and cluster encryption setting.
[cb-events] WARN com.couchbase.endpoint - [com.couchbase.endpoint][EndpointConnectionFailedEvent][933us] Connect attempt 8 failed because of : Connection refused: no further information: localhost/127.0.0.1:8091 - Check server ports and cluster encryption setting. {"circuitBreaker":"DISABLED","coreId":"0x6246855f00000001","remote":"localhost:8091","type":"MANAGER"}
com.couchbase.client.core.endpoint.BaseEndpoint$2: Connection refused: no further information: localhost/127.0.0.1:8091 - Check server ports and cluster encryption setting.
[cb-events] WARN com.couchbase.endpoint - [com.couchbase.endpoint][EndpointConnectionFailedEvent][554us] Connect attempt 8 failed because of : Connection refused: no further information: localhost/127.0.0.1:8091 - Check server ports and cluster encryption setting. {"circuitBreaker":"DISABLED","coreId":"0x6246855f00000001","remote":"localhost:8091","type":"MANAGER"}
com.couchbase.client.core.endpoint.BaseEndpoint$2: Connection refused: no further information: localhost/127.0.0.1:8091 - Check server ports and cluster encryption setting.
[cb-events] WARN com.couchbase.endpoint - [com.couchbase.endpoint][EndpointConnectionFailedEvent][1016us] Connect attempt 8 failed because of : Connection refused: no further information: localhost/127.0.0.1:8091 - Check server ports and cluster encryption setting. {"circuitBreaker":"DISABLED","coreId":"0x6246855f00000001","remote":"localhost:8091","type":"MANAGER"}
com.couchbase.client.core.endpoint.BaseEndpoint$2: Connection refused: no further information: localhost/127.0.0.1:8091 - Check server ports and cluster encryption setting.
[cb-events] WARN com.couchbase.endpoint - [com.couchbase.endpoint][EndpointConnectionFailedEvent][1268us] Connect attempt 8 failed because of : Connection refused: no further information: localhost/127.0.0.1:8091 - Check server ports and cluster encryption setting. {"circuitBreaker":"DISABLED","coreId":"0x6246855f00000001","remote":"localhost:8091","type":"MANAGER"}
com.couchbase.client.core.endpoint.BaseEndpoint$2: Connection refused: no further information: localhost/127.0.0.1:8091 - Check server ports and cluster encryption setting.
[cb-events] WARN com.couchbase.endpoint - [com.couchbase.endpoint][EndpointConnectionFailedEvent][557us] Connect attempt 8 failed because of : Connection refused: no further information: localhost/127.0.0.1:8091 - Check server ports and cluster encryption setting. {"circuitBreaker":"DISABLED","coreId":"0x6246855f00000001","remote":"localhost:8091","type":"MANAGER"}
com.couchbase.client.core.endpoint.BaseEndpoint$2: Connection refused: no further information: localhost/127.0.0.1:8091 - Check server ports and cluster encryption setting.
[cb-events] WARN com.couchbase.endpoint - [com.couchbase.endpoint][EndpointConnectionFailedEvent][927us] Connect attempt 8 failed because of : Connection refused: no further information: localhost/127.0.0.1:8091 - Check server ports and cluster encryption setting. {"circuitBreaker":"DISABLED","coreId":"0x6246855f00000001","remote":"localhost:8091","type":"MANAGER"}
com.couchbase.client.core.endpoint.BaseEndpoint$2: Connection refused: no further information: localhost/127.0.0.1:8091 - Check server ports and cluster encryption setting.
[cb-events] WARN com.couchbase.endpoint - [com.couchbase.endpoint][EndpointConnectionFailedEvent][646us] Connect attempt 8 failed because of : Connection refused: no further information: localhost/127.0.0.1:8091 - Check server ports and cluster encryption setting. {"circuitBreaker":"DISABLED","coreId":"0x6246855f00000001","remote":"localhost:8091","type":"MANAGER"}
com.couchbase.client.core.endpoint.BaseEndpoint$2: Connection refused: no further information: localhost/127.0.0.1:8091 - Check server ports and cluster encryption setting.
[cb-events] WARN com.couchbase.endpoint - [com.couchbase.endpoint][EndpointConnectionFailedEvent][539us] Connect attempt 6 failed because of : Connection refused: no further information: localhost/127.0.0.1:8091 - Check server ports and cluster encryption setting. {"circuitBreaker":"DISABLED","coreId":"0x6246855f00000001","remote":"localhost:8091","type":"MANAGER"}
com.couchbase.client.core.endpoint.BaseEndpoint$2: Connection refused: no further information: localhost/127.0.0.1:8091 - Check server ports and cluster encryption setting.
[cb-events] WARN com.couchbase.endpoint - [com.couchbase.endpoint][EndpointConnectionFailedEvent][578us] Connect attempt 7 failed because of : Connection refused: no further information: localhost/127.0.0.1:8091 - Check server ports and cluster encryption setting. {"circuitBreaker":"DISABLED","coreId":"0x6246855f00000001","remote":"localhost:8091","type":"MANAGER"}
com.couchbase.client.core.endpoint.BaseEndpoint$2: Connection refused: no further information: localhost/127.0.0.1:8091 - Check server ports and cluster encryption setting.
[cb-events] WARN com.couchbase.endpoint - [com.couchbase.endpoint][EndpointConnectionFailedEvent][639us] Connect attempt 8 failed because of : Connection refused: no further information: localhost/127.0.0.1:8091 - Check server ports and cluster encryption setting. {"circuitBreaker":"DISABLED","coreId":"0x6246855f00000001","remote":"localhost:8091","type":"MANAGER"}
com.couchbase.client.core.endpoint.BaseEndpoint$2: Connection refused: no further information: localhost/127.0.0.1:8091 - Check server ports and cluster encryption setting.
[cb-events] WARN com.couchbase.endpoint - [com.couchbase.endpoint][EndpointConnectionFailedEvent][942us] Connect attempt 8 failed because of : Connection refused: no further information: localhost/127.0.0.1:8091 - Check server ports and cluster encryption setting. {"circuitBreaker":"DISABLED","coreId":"0x6246855f00000001","remote":"localhost:8091","type":"MANAGER"}
com.couchbase.client.core.endpoint.BaseEndpoint$2: Connection refused: no further information: localhost/127.0.0.1:8091 - Check server ports and cluster encryption setting.
[cb-events] WARN com.couchbase.endpoint - [com.couchbase.endpoint][EndpointConnectionFailedEvent][953us] Connect attempt 8 failed because of : Connection refused: no further information: localhost/127.0.0.1:8091 - Check server ports and cluster encryption setting. {"circuitBreaker":"DISABLED","coreId":"0x6246855f00000001","remote":"localhost:8091","type":"MANAGER"}
com.couchbase.client.core.endpoint.BaseEndpoint$2: Connection refused: no further information: localhost/127.0.0.1:8091 - Check server ports and cluster encryption setting.
[cb-events] INFO com.couchbase.node - [com.couchbase.node][NodeDisconnectedEvent][207us] Node disconnected {"coreId":"0x6246855f00000001","managerPort":"8091","remote":"localhost"}
[cb-events] INFO com.couchbase.node - [com.couchbase.node][NodeConnectedEvent] Node connected {"coreId":"0x6246855f00000001","managerPort":"8091","remote":"localhost"}
[cb-events] INFO com.couchbase.node - [com.couchbase.node][NodeDisconnectedEvent][177us] Node disconnected {"coreId":"0x6246855f00000001","managerPort":"8091","remote":"localhost"}
[cb-events] INFO com.couchbase.core - [com.couchbase.core][BucketOpenedEvent][5006ms] Opened bucket "myBucket" {"alternateIdentifier":"external","coreId":"0x6246855f00000001"}
[cb-events] INFO com.couchbase.transactions.cleanup.lost - [com.couchbase.transactions.cleanup.lost][LogEvent] Client cbf7d will start cleaning lost transactions on collection myBucket._default._default
[cb-events] INFO com.couchbase.core - [com.couchbase.core][BucketOpenedEvent][3909us] Opened bucket "myBucket" {"alternateIdentifier":"external","coreId":"0x6246855f00000001"}
[cb-events] INFO com.couchbase.transactions.cleanup.lost - [com.couchbase.transactions.cleanup.lost][LogEvent] Client cbf7d stop on CollectionIdentifier{bucket='myBucket', scope=Optional[_default], collection=Optional[_default], isDefault=true} = false
[cb-events] INFO com.couchbase.transactions.cleanup.lost - [com.couchbase.transactions.cleanup.lost][LogEvent] Client cbf7d stop on CollectionIdentifier{bucket='myBucket', scope=Optional[_default], collection=Optional[_default], isDefault=true} = false
[cb-events] INFO com.couchbase.transactions.cleanup.lost - [com.couchbase.transactions.cleanup.lost][LogEvent] Client cbf7d stop on CollectionIdentifier{bucket='myBucket', scope=Optional[_default], collection=Optional[_default], isDefault=true} = false
[cb-events] INFO com.couchbase.transactions.cleanup.lost - [com.couchbase.transactions.cleanup.lost][LogEvent] Client cbf7d stop on CollectionIdentifier{bucket='myBucket', scope=Optional[_default], collection=Optional[_default], isDefault=true} = false
[cb-events] INFO com.couchbase.transactions.cleanup.lost - [com.couchbase.transactions.cleanup.lost][LogEvent] Client cbf7d stop on CollectionIdentifier{bucket='myBucket', scope=Optional[_default], collection=Optional[_default], isDefault=true} = false
[cb-events] INFO com.couchbase.transactions.cleanup.lost - [com.couchbase.transactions.cleanup.lost][LogEvent] Client cbf7d stop on CollectionIdentifier{bucket='myBucket', scope=Optional[_default], collection=Optional[_default], isDefault=true} = false
[cb-events] INFO com.couchbase.transactions.cleanup.lost - [com.couchbase.transactions.cleanup.lost][LogEvent] Client cbf7d stop on CollectionIdentifier{bucket='myBucket', scope=Optional[_default], collection=Optional[_default], isDefault=true} = false
[cb-events] INFO com.couchbase.transactions.cleanup.lost - [com.couchbase.transactions.cleanup.lost][LogEvent] Client cbf7d stop on CollectionIdentifier{bucket='myBucket', scope=Optional[_default], collection=Optional[_default], isDefault=true} = false
[cb-events] INFO com.couchbase.transactions.cleanup.lost - [com.couchbase.transactions.cleanup.lost][LogEvent] Client cbf7d stop on CollectionIdentifier{bucket='myBucket', scope=Optional[_default], collection=Optional[_default], isDefault=true} = false
[cb-events] INFO com.couchbase.transactions.cleanup.lost - [com.couchbase.transactions.cleanup.lost][LogEvent] Client cbf7d stop on CollectionIdentifier{bucket='myBucket', scope=Optional[_default], collection=Optional[_default], isDefault=true} = false
[cb-events] INFO com.couchbase.transactions.cleanup.lost - [com.couchbase.transactions.cleanup.lost][LogEvent] Client cbf7d stop on CollectionIdentifier{bucket='myBucket', scope=Optional[_default], collection=Optional[_default], isDefault=true} = false
[cb-events] INFO com.couchbase.transactions.cleanup.lost - [com.couchbase.transactions.cleanup.lost][LogEvent] Client cbf7d stop on CollectionIdentifier{bucket='myBucket', scope=Optional[_default], collection=Optional[_default], isDefault=true} = false
[cb-events] INFO com.couchbase.transactions.cleanup.lost - [com.couchbase.transactions.cleanup.lost][LogEvent] Client cbf7d stop on CollectionIdentifier{bucket='myBucket', scope=Optional[_default], collection=Optional[_default], isDefault=true} = false
[cb-events] INFO com.couchbase.transactions.cleanup.lost - [com.couchbase.transactions.cleanup.lost][LogEvent] Client cbf7d stop on CollectionIdentifier{bucket='myBucket', scope=Optional[_default], collection=Optional[_default], isDefault=true} = false
[cb-events] INFO com.couchbase.transactions.cleanup.lost - [com.couchbase.transactions.cleanup.lost][LogEvent] Client cbf7d stop on CollectionIdentifier{bucket='myBucket', scope=Optional[_default], collection=Optional[_default], isDefault=true} = false
[cb-events] INFO com.couchbase.transactions.cleanup.lost - [com.couchbase.transactions.cleanup.lost][LogEvent] Client cbf7d stop on CollectionIdentifier{bucket='myBucket', scope=Optional[_default], collection=Optional[_default], isDefault=true} = false
[...]
[cb-events] INFO com.couchbase.transactions.cleanup.lost - [com.couchbase.transactions.cleanup.lost][LogEvent] Client cbf7d stop on CollectionIdentifier{bucket='myBucket', scope=Optional[_default], collection=Optional[_default], isDefault=true} = false
[cb-events] INFO com.couchbase.transactions.cleanup.lost - [com.couchbase.transactions.cleanup.lost][LogEvent] Client cbf7d stop on CollectionIdentifier{bucket='myBucket', scope=Optional[_default], collection=Optional[_default], isDefault=true} = false
[cb-events] INFO com.couchbase.transactions.cleanup.lost - [com.couchbase.transactions.cleanup.lost][LogEvent] Client cbf7d stop on CollectionIdentifier{bucket='myBucket', scope=Optional[_default], collection=Optional[_default], isDefault=true} = false
[cb-events] INFO com.couchbase.transactions.cleanup.lost - [com.couchbase.transactions.cleanup.lost][LogEvent] Client cbf7d stop on CollectionIdentifier{bucket='myBucket', scope=Optional[_default], collection=Optional[_default], isDefault=true} = false
[cb-events] INFO com.couchbase.transactions.cleanup.lost - [com.couchbase.transactions.cleanup.lost][LogEvent] Client cbf7d stop on CollectionIdentifier{bucket='myBucket', scope=Optional[_default], collection=Optional[_default], isDefault=true} = false
[cb-events] INFO com.couchbase.transactions.cleanup.lost - [com.couchbase.transactions.cleanup.lost][LogEvent] Client cbf7d stop on CollectionIdentifier{bucket='myBucket', scope=Optional[_default], collection=Optional[_default], isDefault=true} = false
[cb-events] INFO com.couchbase.transactions.cleanup.lost - [com.couchbase.transactions.cleanup.lost][LogEvent] Client cbf7d stop on CollectionIdentifier{bucket='myBucket', scope=Optional[_default], collection=Optional[_default], isDefault=true} = false
[cb-events] INFO com.couchbase.transactions.cleanup.lost - [com.couchbase.transactions.cleanup.lost][LogEvent] Client cbf7d stop on CollectionIdentifier{bucket='myBucket', scope=Optional[_default], collection=Optional[_default], isDefault=true} = false
[cb-events] INFO com.couchbase.transactions.cleanup.lost - [com.couchbase.transactions.cleanup.lost][LogEvent] Client cbf7d stop on CollectionIdentifier{bucket='myBucket', scope=Optional[_default], collection=Optional[_default], isDefault=true} = false
[cb-events] INFO com.couchbase.transactions.cleanup.lost - [com.couchbase.transactions.cleanup.lost][LogEvent] Client cbf7d stop on CollectionIdentifier{bucket='myBucket', scope=Optional[_default], collection=Optional[_default], isDefault=true} = false
[cb-events] INFO com.couchbase.transactions.cleanup.lost - [com.couchbase.transactions.cleanup.lost][LogEvent] Client cbf7d stop on CollectionIdentifier{bucket='myBucket', scope=Optional[_default], collection=Optional[_default], isDefault=true} = false
[cb-events] INFO com.couchbase.transactions.cleanup.lost - [com.couchbase.transactions.cleanup.lost][LogEvent] Client cbf7d stop on CollectionIdentifier{bucket='myBucket', scope=Optional[_default], collection=Optional[_default], isDefault=true} = false
[cb-events] INFO com.couchbase.transactions.cleanup.lost - [com.couchbase.transactions.cleanup.lost][LogEvent] Client cbf7d stop on CollectionIdentifier{bucket='myBucket', scope=Optional[_default], collection=Optional[_default], isDefault=true} = false
[cb-events] INFO com.couchbase.transactions.cleanup.lost - [com.couchbase.transactions.cleanup.lost][LogEvent] Client cbf7d stop on CollectionIdentifier{bucket='myBucket', scope=Optional[_default], collection=Optional[_default], isDefault=true} = false
[cb-events] INFO com.couchbase.transactions.cleanup.lost - [com.couchbase.transactions.cleanup.lost][LogEvent] Client cbf7d stop on CollectionIdentifier{bucket='myBucket', scope=Optional[_default], collection=Optional[_default], isDefault=true} = false
[cb-events] INFO com.couchbase.transactions.cleanup.lost - [com.couchbase.transactions.cleanup.lost][LogEvent] Client cbf7d stop on CollectionIdentifier{bucket='myBucket', scope=Optional[_default], collection=Optional[_default], isDefault=true} = false
[cb-events] INFO com.couchbase.transactions.cleanup.lost - [com.couchbase.transactions.cleanup.lost][LogEvent] Client cbf7d stop on CollectionIdentifier{bucket='myBucket', scope=Optional[_default], collection=Optional[_default], isDefault=true} = false
[cb-events] INFO com.couchbase.transactions.cleanup.lost - [com.couchbase.transactions.cleanup.lost][LogEvent] Client cbf7d stop on CollectionIdentifier{bucket='myBucket', scope=Optional[_default], collection=Optional[_default], isDefault=true} = false
[cb-events] INFO com.couchbase.transactions.cleanup.lost - [com.couchbase.transactions.cleanup.lost][LogEvent] Client cbf7d stop on CollectionIdentifier{bucket='myBucket', scope=Optional[_default], collection=Optional[_default], isDefault=true} = false
[cb-events] INFO com.couchbase.transactions.cleanup.lost - [com.couchbase.transactions.cleanup.lost][LogEvent] Client cbf7d stop on CollectionIdentifier{bucket='myBucket', scope=Optional[_default], collection=Optional[_default], isDefault=true} = false
[cb-events] INFO com.couchbase.transactions.cleanup.lost - [com.couchbase.transactions.cleanup.lost][LogEvent] Client cbf7d stop on CollectionIdentifier{bucket='myBucket', scope=Optional[_default], collection=Optional[_default], isDefault=true} = false
[cb-events] INFO com.couchbase.transactions.cleanup.lost - [com.couchbase.transactions.cleanup.lost][LogEvent] Client cbf7d stop on CollectionIdentifier{bucket='myBucket', scope=Optional[_default], collection=Optional[_default], isDefault=true} = false
[cb-events] INFO com.couchbase.transactions.cleanup.lost - [com.couchbase.transactions.cleanup.lost][LogEvent] Client cbf7d stop on CollectionIdentifier{bucket='myBucket', scope=Optional[_default], collection=Optional[_default], isDefault=true} = false
[cb-events] INFO com.couchbase.transactions.cleanup.lost - [com.couchbase.transactions.cleanup.lost][LogEvent] Client cbf7d stop on CollectionIdentifier{bucket='myBucket', scope=Optional[_default], collection=Optional[_default], isDefault=true} = false
[cb-events] INFO com.couchbase.transactions.cleanup.lost - [com.couchbase.transactions.cleanup.lost][LogEvent] Client cbf7d stop on CollectionIdentifier{bucket='myBucket', scope=Optional[_default], collection=Optional[_default], isDefault=true} = false
[cb-events] INFO com.couchbase.transactions.cleanup.lost - [com.couchbase.transactions.cleanup.lost][LogEvent] Client cbf7d stop on CollectionIdentifier{bucket='myBucket', scope=Optional[_default], collection=Optional[_default], isDefault=true} = false
[cb-events] INFO com.couchbase.transactions.cleanup.lost - [com.couchbase.transactions.cleanup.lost][LogEvent] Client cbf7d stop on CollectionIdentifier{bucket='myBucket', scope=Optional[_default], collection=Optional[_default], isDefault=true} = false
[cb-events] INFO com.couchbase.transactions.cleanup.lost - [com.couchbase.transactions.cleanup.lost][LogEvent] Client cbf7d stop on CollectionIdentifier{bucket='myBucket', scope=Optional[_default], collection=Optional[_default], isDefault=true} = false
[cb-events] INFO com.couchbase.transactions.cleanup.lost - [com.couchbase.transactions.cleanup.lost][LogEvent] Client cbf7d stop on CollectionIdentifier{bucket='myBucket', scope=Optional[_default], collection=Optional[_default], isDefault=true} = false
[cb-events] INFO com.couchbase.transactions.cleanup.lost - [com.couchbase.transactions.cleanup.lost][LogEvent] Client cbf7d stop on CollectionIdentifier{bucket='myBucket', scope=Optional[_default], collection=Optional[_default], isDefault=true} = false
[cb-events] INFO com.couchbase.transactions.cleanup.lost - [com.couchbase.transactions.cleanup.lost][LogEvent] Client cbf7d stop on CollectionIdentifier{bucket='myBucket', scope=Optional[_default], collection=Optional[_default], isDefault=true} = false
[cb-events] INFO com.couchbase.transactions.cleanup.lost - [com.couchbase.transactions.cleanup.lost][LogEvent] Client cbf7d stop on CollectionIdentifier{bucket='myBucket', scope=Optional[_default], collection=Optional[_default], isDefault=true} = false
[cb-events] INFO com.couchbase.transactions.cleanup.lost - [com.couchbase.transactions.cleanup.lost][LogEvent] Client cbf7d stop on CollectionIdentifier{bucket='myBucket', scope=Optional[_default], collection=Optional[_default], isDefault=true} = false
[cb-events] INFO com.couchbase.transactions.cleanup.lost - [com.couchbase.transactions.cleanup.lost][LogEvent] Client cbf7d stop on CollectionIdentifier{bucket='myBucket', scope=Optional[_default], collection=Optional[_default], isDefault=true} = false
[cb-events] INFO com.couchbase.transactions.cleanup.lost - [com.couchbase.transactions.cleanup.lost][LogEvent] Client cbf7d stop on CollectionIdentifier{bucket='myBucket', scope=Optional[_default], collection=Optional[_default], isDefault=true} = false
[cb-events] INFO com.couchbase.transactions.cleanup.lost - [com.couchbase.transactions.cleanup.lost][LogEvent] Client cbf7d stop on CollectionIdentifier{bucket='myBucket', scope=Optional[_default], collection=Optional[_default], isDefault=true} = false
[cb-events] INFO com.couchbase.transactions.cleanup.lost - [com.couchbase.transactions.cleanup.lost][LogEvent] Client cbf7d stop on CollectionIdentifier{bucket='myBucket', scope=Optional[_default], collection=Optional[_default], isDefault=true} = false
[cb-events] INFO com.couchbase.transactions.cleanup.lost - [com.couchbase.transactions.cleanup.lost][LogEvent] Client cbf7d stop on CollectionIdentifier{bucket='myBucket', scope=Optional[_default], collection=Optional[_default], isDefault=true} = false
[cb-events] INFO com.couchbase.transactions.cleanup.lost - [com.couchbase.transactions.cleanup.lost][LogEvent] Client cbf7d stop on CollectionIdentifier{bucket='myBucket', scope=Optional[_default], collection=Optional[_default], isDefault=true} = false
[cb-events] INFO com.couchbase.transactions.cleanup.lost - [com.couchbase.transactions.cleanup.lost][LogEvent] Client cbf7d stop on CollectionIdentifier{bucket='myBucket', scope=Optional[_default], collection=Optional[_default], isDefault=true} = false
[cb-events] INFO com.couchbase.transactions.cleanup.lost - [com.couchbase.transactions.cleanup.lost][LogEvent] Client cbf7d stop on CollectionIdentifier{bucket='myBucket', scope=Optional[_default], collection=Optional[_default], isDefault=true} = false
[cb-events] INFO com.couchbase.transactions.cleanup.lost - [com.couchbase.transactions.cleanup.lost][LogEvent] Client cbf7d stop on CollectionIdentifier{bucket='myBucket', scope=Optional[_default], collection=Optional[_default], isDefault=true} = false
[cb-events] INFO com.couchbase.transactions.cleanup.lost - [com.couchbase.transactions.cleanup.lost][LogEvent] Client cbf7d stop on CollectionIdentifier{bucket='myBucket', scope=Optional[_default], collection=Optional[_default], isDefault=true} = false
[cb-events] INFO com.couchbase.transactions.cleanup.lost - [com.couchbase.transactions.cleanup.lost][LogEvent] Client cbf7d stop on CollectionIdentifier{bucket='myBucket', scope=Optional[_default], collection=Optional[_default], isDefault=true} = false
[cb-events] INFO com.couchbase.transactions.cleanup.lost - [com.couchbase.transactions.cleanup.lost][LogEvent] Client cbf7d stop on CollectionIdentifier{bucket='myBucket', scope=Optional[_default], collection=Optional[_default], isDefault=true} = false
[cb-events] INFO com.couchbase.transactions.cleanup.lost - [com.couchbase.transactions.cleanup.lost][LogEvent] Client cbf7d stop on CollectionIdentifier{bucket='myBucket', scope=Optional[_default], collection=Optional[_default], isDefault=true} = false
[cb-events] INFO com.couchbase.transactions.cleanup.lost - [com.couchbase.transactions.cleanup.lost][LogEvent] Client cbf7d stop on CollectionIdentifier{bucket='myBucket', scope=Optional[_default], collection=Optional[_default], isDefault=true} = false
[cb-events] INFO com.couchbase.transactions.cleanup.lost - [com.couchbase.transactions.cleanup.lost][LogEvent] Client cbf7d stop on CollectionIdentifier{bucket='myBucket', scope=Optional[_default], collection=Optional[_default], isDefault=true} = false
[cb-events] INFO com.couchbase.transactions.cleanup.lost - [com.couchbase.transactions.cleanup.lost][LogEvent] Client cbf7d stop on CollectionIdentifier{bucket='myBucket', scope=Optional[_default], collection=Optional[_default], isDefault=true} = false
[cb-events] INFO com.couchbase.transactions.cleanup.lost - [com.couchbase.transactions.cleanup.lost][LogEvent] Client cbf7d stop on CollectionIdentifier{bucket='myBucket', scope=Optional[_default], collection=Optional[_default], isDefault=true} = false
[cb-events] INFO com.couchbase.transactions.cleanup.lost - [com.couchbase.transactions.cleanup.lost][LogEvent] Client cbf7d stop on CollectionIdentifier{bucket='myBucket', scope=Optional[_default], collection=Optional[_default], isDefault=true} = false
[cb-events] INFO com.couchbase.transactions.cleanup.lost - [com.couchbase.transactions.cleanup.lost][LogEvent] Client cbf7d stop on CollectionIdentifier{bucket='myBucket', scope=Optional[_default], collection=Optional[_default], isDefault=true} = false
[cb-events] INFO com.couchbase.transactions.cleanup.lost - [com.couchbase.transactions.cleanup.lost][LogEvent] Client cbf7d stop on CollectionIdentifier{bucket='myBucket', scope=Optional[_default], collection=Optional[_default], isDefault=true} = false
[cb-events] INFO com.couchbase.transactions.cleanup.lost - [com.couchbase.transactions.cleanup.lost][LogEvent] Client cbf7d stop on CollectionIdentifier{bucket='myBucket', scope=Optional[_default], collection=Optional[_default], isDefault=true} = false
[cb-events] INFO com.couchbase.transactions.cleanup.lost - [com.couchbase.transactions.cleanup.lost][LogEvent] Client cbf7d stop on CollectionIdentifier{bucket='myBucket', scope=Optional[_default], collection=Optional[_default], isDefault=true} = false
[cb-events] INFO com.couchbase.transactions.cleanup.lost - [com.couchbase.transactions.cleanup.lost][LogEvent] Client cbf7d stop on CollectionIdentifier{bucket='myBucket', scope=Optional[_default], collection=Optional[_default], isDefault=true} = false
[cb-events] INFO com.couchbase.transactions.cleanup.lost - [com.couchbase.transactions.cleanup.lost][LogEvent] Client cbf7d stop on CollectionIdentifier{bucket='myBucket', scope=Optional[_default], collection=Optional[_default], isDefault=true} = false
[cb-events] INFO com.couchbase.transactions.cleanup.lost - [com.couchbase.transactions.cleanup.lost][LogEvent] Client cbf7d stop on CollectionIdentifier{bucket='myBucket', scope=Optional[_default], collection=Optional[_default], isDefault=true} = false
[cb-events] INFO com.couchbase.transactions.cleanup.lost - [com.couchbase.transactions.cleanup.lost][LogEvent] Client cbf7d stop on CollectionIdentifier{bucket='myBucket', scope=Optional[_default], collection=Optional[_default], isDefault=true} = false
[cb-events] INFO com.couchbase.transactions.cleanup.lost - [com.couchbase.transactions.cleanup.lost][LogEvent] Client cbf7d stop on CollectionIdentifier{bucket='myBucket', scope=Optional[_default], collection=Optional[_default], isDefault=true} = false
[cb-events] INFO com.couchbase.transactions.cleanup.lost - [com.couchbase.transactions.cleanup.lost][LogEvent] Client cbf7d stop on CollectionIdentifier{bucket='myBucket', scope=Optional[_default], collection=Optional[_default], isDefault=true} = false
[cb-events] INFO com.couchbase.transactions.cleanup.lost - [com.couchbase.transactions.cleanup.lost][LogEvent] Client cbf7d stop on CollectionIdentifier{bucket='myBucket', scope=Optional[_default], collection=Optional[_default], isDefault=true} = false
[cb-events] INFO com.couchbase.transactions.cleanup.lost - [com.couchbase.transactions.cleanup.lost][LogEvent] Client cbf7d stop on CollectionIdentifier{bucket='myBucket', scope=Optional[_default], collection=Optional[_default], isDefault=true} = false
[cb-events] INFO com.couchbase.transactions.cleanup.lost - [com.couchbase.transactions.cleanup.lost][LogEvent] Client cbf7d stop on CollectionIdentifier{bucket='myBucket', scope=Optional[_default], collection=Optional[_default], isDefault=true} = false
[cb-events] INFO com.couchbase.transactions.cleanup.lost - [com.couchbase.transactions.cleanup.lost][LogEvent] Client cbf7d stop on CollectionIdentifier{bucket='myBucket', scope=Optional[_default], collection=Optional[_default], isDefault=true} = false
[cb-events] INFO com.couchbase.transactions.cleanup.lost - [com.couchbase.transactions.cleanup.lost][LogEvent] Client cbf7d stop on CollectionIdentifier{bucket='myBucket', scope=Optional[_default], collection=Optional[_default], isDefault=true} = false
[cb-events] INFO com.couchbase.transactions.cleanup.lost - [com.couchbase.transactions.cleanup.lost][LogEvent] Client cbf7d stop on CollectionIdentifier{bucket='myBucket', scope=Optional[_default], collection=Optional[_default], isDefault=true} = false
[cb-events] INFO com.couchbase.transactions.cleanup.lost - [com.couchbase.transactions.cleanup.lost][LogEvent] Client cbf7d stop on CollectionIdentifier{bucket='myBucket', scope=Optional[_default], collection=Optional[_default], isDefault=true} = false
[cb-events] INFO com.couchbase.transactions.cleanup.lost - [com.couchbase.transactions.cleanup.lost][LogEvent] Client cbf7d stop on CollectionIdentifier{bucket='myBucket', scope=Optional[_default], collection=Optional[_default], isDefault=true} = false
[cb-events] INFO com.couchbase.transactions.cleanup.lost - [com.couchbase.transactions.cleanup.lost][LogEvent] Client cbf7d stop on CollectionIdentifier{bucket='myBucket', scope=Optional[_default], collection=Optional[_default], isDefault=true} = false
[cb-events] INFO com.couchbase.transactions.cleanup.lost - [com.couchbase.transactions.cleanup.lost][LogEvent] Client cbf7d stop on CollectionIdentifier{bucket='myBucket', scope=Optional[_default], collection=Optional[_default], isDefault=true} = false
[cb-events] INFO com.couchbase.transactions.cleanup.lost - [com.couchbase.transactions.cleanup.lost][LogEvent] Client cbf7d stop on CollectionIdentifier{bucket='myBucket', scope=Optional[_default], collection=Optional[_default], isDefault=true} = false
[cb-events] INFO com.couchbase.transactions.cleanup.lost - [com.couchbase.transactions.cleanup.lost][LogEvent] Client cbf7d stop on CollectionIdentifier{bucket='myBucket', scope=Optional[_default], collection=Optional[_default], isDefault=true} = false
[cb-events] INFO com.couchbase.transactions.cleanup.lost - [com.couchbase.transactions.cleanup.lost][LogEvent] Client cbf7d stop on CollectionIdentifier{bucket='myBucket', scope=Optional[_default], collection=Optional[_default], isDefault=true} = false
[cb-events] INFO com.couchbase.transactions.cleanup.lost - [com.couchbase.transactions.cleanup.lost][LogEvent] Client cbf7d stop on CollectionIdentifier{bucket='myBucket', scope=Optional[_default], collection=Optional[_default], isDefault=true} = false
[cb-events] INFO com.couchbase.transactions.cleanup.lost - [com.couchbase.transactions.cleanup.lost][LogEvent] Client cbf7d stop on CollectionIdentifier{bucket='myBucket', scope=Optional[_default], collection=Optional[_default], isDefault=true} = false
[cb-events] INFO com.couchbase.transactions.cleanup.lost - [com.couchbase.transactions.cleanup.lost][LogEvent] Client cbf7d stop on CollectionIdentifier{bucket='myBucket', scope=Optional[_default], collection=Optional[_default], isDefault=true} = false
[cb-events] INFO com.couchbase.transactions.cleanup.lost - [com.couchbase.transactions.cleanup.lost][LogEvent] Client cbf7d stop on CollectionIdentifier{bucket='myBucket', scope=Optional[_default], collection=Optional[_default], isDefault=true} = false
]]></system-err>
  </testcase>
</testsuite>